[0.649s] DEBUG:colcon:Command line arguments: ['/usr/bin/colcon', 'build', '--packages-select', 'autoronto_app_task_ima']
[0.649s] DEBUG:colcon:Parsed command line arguments: Namespace(log_base=None, log_level=None, verb_name='build', build_base='build', install_base='install', merge_install=False, symlink_install=False, test_result_base=None, continue_on_error=False, executor='parallel', parallel_workers=2, event_handlers=None, ignore_user_meta=False, metas=['./colcon.meta'], base_paths=['.'], packages_ignore=None, packages_ignore_regex=None, paths=None, packages_up_to=None, packages_up_to_regex=None, packages_above=None, packages_above_and_dependencies=None, packages_above_depth=None, packages_select_by_dep=None, packages_skip_by_dep=None, packages_skip_up_to=None, packages_select_build_failed=False, packages_skip_build_finished=False, packages_select_test_failures=False, packages_skip_test_passed=False, packages_select=['autoronto_app_task_ima'], packages_skip=None, packages_select_regex=None, packages_skip_regex=None, packages_start=None, packages_end=None, allow_overriding=[], cmake_args=None, cmake_target=None, cmake_target_skip_unavailable=False, cmake_clean_cache=False, cmake_clean_first=False, cmake_force_configure=False, ament_cmake_args=None, catkin_cmake_args=None, catkin_skip_building_tests=False, mixin_files=None, mixin=None, verb_parser=<colcon_mixin.mixin.mixin_argument.MixinArgumentDecorator object at 0x700fee24dea0>, verb_extension=<colcon_core.verb.build.BuildVerb object at 0x700fee24d9f0>, main=<bound method BuildVerb.main of <colcon_core.verb.build.BuildVerb object at 0x700fee24d9f0>>, mixin_verb=('build',))
[0.882s] Level 1:colcon.colcon_core.package_discovery:discover_packages(colcon_meta) check parameters
[0.882s] Level 1:colcon.colcon_core.package_discovery:discover_packages(recursive) check parameters
[0.882s] Level 1:colcon.colcon_core.package_discovery:discover_packages(ignore) check parameters
[0.882s] Level 1:colcon.colcon_core.package_discovery:discover_packages(path) check parameters
[0.882s] Level 1:colcon.colcon_core.package_discovery:discover_packages(colcon_meta) discover
[0.882s] Level 1:colcon.colcon_core.package_discovery:discover_packages(recursive) discover
[0.882s] INFO:colcon.colcon_core.package_discovery:Crawling recursively for packages in '/home/vboxuser/ros2_ws/src/autoronto_app_task_ima'
[0.882s] Level 1:colcon.colcon_core.package_identification:_identify(.) by extensions ['ignore', 'ignore_ament_install']
[0.883s] Level 1:colcon.colcon_core.package_identification:_identify(.) by extension 'ignore'
[0.883s] Level 1:colcon.colcon_core.package_identification:_identify(.) by extension 'ignore_ament_install'
[0.883s] Level 1:colcon.colcon_core.package_identification:_identify(.) by extensions ['colcon_pkg']
[0.883s] Level 1:colcon.colcon_core.package_identification:_identify(.) by extension 'colcon_pkg'
[0.883s] Level 1:colcon.colcon_core.package_identification:_identify(.) by extensions ['colcon_meta']
[0.883s] Level 1:colcon.colcon_core.package_identification:_identify(.) by extension 'colcon_meta'
[0.883s] Level 1:colcon.colcon_core.package_identification:_identify(.) by extensions ['ros']
[0.883s] Level 1:colcon.colcon_core.package_identification:_identify(.) by extension 'ros'
[0.901s] DEBUG:colcon.colcon_core.package_identification:Package '.' with type 'ros.ament_cmake' and name 'autoronto_app_task_ima'
[0.902s] Level 1:colcon.colcon_core.package_discovery:discover_packages(recursive) using defaults
[0.902s] Level 1:colcon.colcon_core.package_discovery:discover_packages(ignore) discover
[0.902s] Level 1:colcon.colcon_core.package_discovery:discover_packages(ignore) using defaults
[0.902s] Level 1:colcon.colcon_core.package_discovery:discover_packages(path) discover
[0.902s] Level 1:colcon.colcon_core.package_discovery:discover_packages(path) using defaults
[0.927s] Level 1:colcon.colcon_core.package_discovery:discover_packages(prefix_path) check parameters
[0.928s] Level 1:colcon.colcon_core.package_discovery:discover_packages(prefix_path) discover
[0.929s] DEBUG:colcon.colcon_installed_package_information.package_discovery:Found 1 installed packages in /home/vboxuser/ros2_ws/src/autoronto_app_task_ima/install
[0.931s] DEBUG:colcon.colcon_installed_package_information.package_discovery:Found 293 installed packages in /opt/ros/humble
[0.947s] Level 1:colcon.colcon_core.package_discovery:discover_packages(prefix_path) using defaults
[1.012s] Level 5:colcon.colcon_core.verb:set package 'autoronto_app_task_ima' build argument 'cmake_args' from command line to 'None'
[1.013s] Level 5:colcon.colcon_core.verb:set package 'autoronto_app_task_ima' build argument 'cmake_target' from command line to 'None'
[1.013s] Level 5:colcon.colcon_core.verb:set package 'autoronto_app_task_ima' build argument 'cmake_target_skip_unavailable' from command line to 'False'
[1.013s] Level 5:colcon.colcon_core.verb:set package 'autoronto_app_task_ima' build argument 'cmake_clean_cache' from command line to 'False'
[1.013s] Level 5:colcon.colcon_core.verb:set package 'autoronto_app_task_ima' build argument 'cmake_clean_first' from command line to 'False'
[1.013s] Level 5:colcon.colcon_core.verb:set package 'autoronto_app_task_ima' build argument 'cmake_force_configure' from command line to 'False'
[1.013s] Level 5:colcon.colcon_core.verb:set package 'autoronto_app_task_ima' build argument 'ament_cmake_args' from command line to 'None'
[1.013s] Level 5:colcon.colcon_core.verb:set package 'autoronto_app_task_ima' build argument 'catkin_cmake_args' from command line to 'None'
[1.013s] Level 5:colcon.colcon_core.verb:set package 'autoronto_app_task_ima' build argument 'catkin_skip_building_tests' from command line to 'False'
[1.013s] DEBUG:colcon.colcon_core.verb:Building package 'autoronto_app_task_ima' with the following arguments: {'ament_cmake_args': None, 'build_base': '/home/vboxuser/ros2_ws/src/autoronto_app_task_ima/build/autoronto_app_task_ima', 'catkin_cmake_args': None, 'catkin_skip_building_tests': False, 'cmake_args': None, 'cmake_clean_cache': False, 'cmake_clean_first': False, 'cmake_force_configure': False, 'cmake_target': None, 'cmake_target_skip_unavailable': False, 'install_base': '/home/vboxuser/ros2_ws/src/autoronto_app_task_ima/install/autoronto_app_task_ima', 'merge_install': False, 'path': '/home/vboxuser/ros2_ws/src/autoronto_app_task_ima', 'symlink_install': False, 'test_result_base': None}
[1.013s] INFO:colcon.colcon_core.executor:Executing jobs using 'parallel' executor
[1.015s] DEBUG:colcon.colcon_parallel_executor.executor.parallel:run_until_complete
[1.015s] INFO:colcon.colcon_ros.task.ament_cmake.build:Building ROS package in '/home/vboxuser/ros2_ws/src/autoronto_app_task_ima' with build type 'ament_cmake'
[1.015s] INFO:colcon.colcon_cmake.task.cmake.build:Building CMake package in '/home/vboxuser/ros2_ws/src/autoronto_app_task_ima'
[1.020s] INFO:colcon.colcon_core.plugin_system:Skipping extension 'colcon_core.shell.bat': Not used on non-Windows systems
[1.020s] INFO:colcon.colcon_core.shell:Skip shell extension 'powershell' for command environment: Not usable outside of PowerShell
[1.020s] DEBUG:colcon.colcon_core.shell:Skip shell extension 'dsv' for command environment
[1.042s] DEBUG:colcon.colcon_core.event_handler.log_command:Invoking command in '/home/vboxuser/ros2_ws/src/autoronto_app_task_ima/build/autoronto_app_task_ima': CMAKE_PREFIX_PATH=${CMAKE_PREFIX_PATH}:/opt/ros/humble /usr/bin/cmake --build /home/vboxuser/ros2_ws/src/autoronto_app_task_ima/build/autoronto_app_task_ima -- -j2 -l2
[75.359s] DEBUG:colcon.colcon_core.event_handler.log_command:Invoked command in '/home/vboxuser/ros2_ws/src/autoronto_app_task_ima/build/autoronto_app_task_ima' returned '0': CMAKE_PREFIX_PATH=${CMAKE_PREFIX_PATH}:/opt/ros/humble /usr/bin/cmake --build /home/vboxuser/ros2_ws/src/autoronto_app_task_ima/build/autoronto_app_task_ima -- -j2 -l2
[75.969s] DEBUG:colcon.colcon_core.event_handler.log_command:Invoking command in '/home/vboxuser/ros2_ws/src/autoronto_app_task_ima/build/autoronto_app_task_ima': CMAKE_PREFIX_PATH=${CMAKE_PREFIX_PATH}:/opt/ros/humble /usr/bin/cmake --install /home/vboxuser/ros2_ws/src/autoronto_app_task_ima/build/autoronto_app_task_ima
[76.244s] Level 1:colcon.colcon_core.environment:create_environment_scripts_only(autoronto_app_task_ima)
[76.256s] DEBUG:colcon.colcon_core.event_handler.log_command:Invoked command in '/home/vboxuser/ros2_ws/src/autoronto_app_task_ima/build/autoronto_app_task_ima' returned '0': CMAKE_PREFIX_PATH=${CMAKE_PREFIX_PATH}:/opt/ros/humble /usr/bin/cmake --install /home/vboxuser/ros2_ws/src/autoronto_app_task_ima/build/autoronto_app_task_ima
[76.290s] Level 1:colcon.colcon_core.environment:checking '/home/vboxuser/ros2_ws/src/autoronto_app_task_ima/install/autoronto_app_task_ima' for CMake module files
[76.292s] Level 1:colcon.colcon_core.environment:checking '/home/vboxuser/ros2_ws/src/autoronto_app_task_ima/install/autoronto_app_task_ima' for CMake config files
[76.292s] Level 1:colcon.colcon_core.shell:create_environment_hook('autoronto_app_task_ima', 'cmake_prefix_path')
[76.292s] INFO:colcon.colcon_core.shell:Creating environment hook '/home/vboxuser/ros2_ws/src/autoronto_app_task_ima/install/autoronto_app_task_ima/share/autoronto_app_task_ima/hook/cmake_prefix_path.ps1'
[76.295s] INFO:colcon.colcon_core.shell:Creating environment descriptor '/home/vboxuser/ros2_ws/src/autoronto_app_task_ima/install/autoronto_app_task_ima/share/autoronto_app_task_ima/hook/cmake_prefix_path.dsv'
[76.296s] INFO:colcon.colcon_core.shell:Creating environment hook '/home/vboxuser/ros2_ws/src/autoronto_app_task_ima/install/autoronto_app_task_ima/share/autoronto_app_task_ima/hook/cmake_prefix_path.sh'
[76.503s] Level 1:colcon.colcon_core.environment:checking '/home/vboxuser/ros2_ws/src/autoronto_app_task_ima/install/autoronto_app_task_ima/lib'
[76.503s] Level 1:colcon.colcon_core.environment:checking '/home/vboxuser/ros2_ws/src/autoronto_app_task_ima/install/autoronto_app_task_ima/bin'
[76.503s] Level 1:colcon.colcon_core.environment:checking '/home/vboxuser/ros2_ws/src/autoronto_app_task_ima/install/autoronto_app_task_ima/lib/pkgconfig/autoronto_app_task_ima.pc'
[76.504s] Level 1:colcon.colcon_core.environment:checking '/home/vboxuser/ros2_ws/src/autoronto_app_task_ima/install/autoronto_app_task_ima/lib/python3.10/site-packages'
[76.504s] Level 1:colcon.colcon_core.environment:checking '/home/vboxuser/ros2_ws/src/autoronto_app_task_ima/install/autoronto_app_task_ima/bin'
[76.506s] INFO:colcon.colcon_core.shell:Creating package script '/home/vboxuser/ros2_ws/src/autoronto_app_task_ima/install/autoronto_app_task_ima/share/autoronto_app_task_ima/package.ps1'
[76.510s] INFO:colcon.colcon_core.shell:Creating package descriptor '/home/vboxuser/ros2_ws/src/autoronto_app_task_ima/install/autoronto_app_task_ima/share/autoronto_app_task_ima/package.dsv'
[76.512s] INFO:colcon.colcon_core.shell:Creating package script '/home/vboxuser/ros2_ws/src/autoronto_app_task_ima/install/autoronto_app_task_ima/share/autoronto_app_task_ima/package.sh'
[76.516s] INFO:colcon.colcon_core.shell:Creating package script '/home/vboxuser/ros2_ws/src/autoronto_app_task_ima/install/autoronto_app_task_ima/share/autoronto_app_task_ima/package.bash'
[76.520s] INFO:colcon.colcon_core.shell:Creating package script '/home/vboxuser/ros2_ws/src/autoronto_app_task_ima/install/autoronto_app_task_ima/share/autoronto_app_task_ima/package.zsh'
[76.524s] Level 1:colcon.colcon_core.environment:create_file_with_runtime_dependencies(/home/vboxuser/ros2_ws/src/autoronto_app_task_ima/install/autoronto_app_task_ima/share/colcon-core/packages/autoronto_app_task_ima)
[76.997s] Level 1:colcon.colcon_core.environment:create_environment_scripts_only(autoronto_app_task_ima)
[76.997s] Level 1:colcon.colcon_core.environment:checking '/home/vboxuser/ros2_ws/src/autoronto_app_task_ima/install/autoronto_app_task_ima' for CMake module files
[76.998s] Level 1:colcon.colcon_core.environment:checking '/home/vboxuser/ros2_ws/src/autoronto_app_task_ima/install/autoronto_app_task_ima' for CMake config files
[76.998s] Level 1:colcon.colcon_core.shell:create_environment_hook('autoronto_app_task_ima', 'cmake_prefix_path')
[76.998s] INFO:colcon.colcon_core.shell:Creating environment hook '/home/vboxuser/ros2_ws/src/autoronto_app_task_ima/install/autoronto_app_task_ima/share/autoronto_app_task_ima/hook/cmake_prefix_path.ps1'
[76.999s] INFO:colcon.colcon_core.shell:Creating environment descriptor '/home/vboxuser/ros2_ws/src/autoronto_app_task_ima/install/autoronto_app_task_ima/share/autoronto_app_task_ima/hook/cmake_prefix_path.dsv'
[77.000s] INFO:colcon.colcon_core.shell:Creating environment hook '/home/vboxuser/ros2_ws/src/autoronto_app_task_ima/install/autoronto_app_task_ima/share/autoronto_app_task_ima/hook/cmake_prefix_path.sh'
[77.001s] Level 1:colcon.colcon_core.environment:checking '/home/vboxuser/ros2_ws/src/autoronto_app_task_ima/install/autoronto_app_task_ima/lib'
[77.002s] Level 1:colcon.colcon_core.environment:checking '/home/vboxuser/ros2_ws/src/autoronto_app_task_ima/install/autoronto_app_task_ima/bin'
[77.002s] Level 1:colcon.colcon_core.environment:checking '/home/vboxuser/ros2_ws/src/autoronto_app_task_ima/install/autoronto_app_task_ima/lib/pkgconfig/autoronto_app_task_ima.pc'
[77.002s] Level 1:colcon.colcon_core.environment:checking '/home/vboxuser/ros2_ws/src/autoronto_app_task_ima/install/autoronto_app_task_ima/lib/python3.10/site-packages'
[77.002s] Level 1:colcon.colcon_core.environment:checking '/home/vboxuser/ros2_ws/src/autoronto_app_task_ima/install/autoronto_app_task_ima/bin'
[77.003s] INFO:colcon.colcon_core.shell:Creating package script '/home/vboxuser/ros2_ws/src/autoronto_app_task_ima/install/autoronto_app_task_ima/share/autoronto_app_task_ima/package.ps1'
[77.004s] INFO:colcon.colcon_core.shell:Creating package descriptor '/home/vboxuser/ros2_ws/src/autoronto_app_task_ima/install/autoronto_app_task_ima/share/autoronto_app_task_ima/package.dsv'
[77.012s] INFO:colcon.colcon_core.shell:Creating package script '/home/vboxuser/ros2_ws/src/autoronto_app_task_ima/install/autoronto_app_task_ima/share/autoronto_app_task_ima/package.sh'
[77.015s] INFO:colcon.colcon_core.shell:Creating package script '/home/vboxuser/ros2_ws/src/autoronto_app_task_ima/install/autoronto_app_task_ima/share/autoronto_app_task_ima/package.bash'
[77.017s] INFO:colcon.colcon_core.shell:Creating package script '/home/vboxuser/ros2_ws/src/autoronto_app_task_ima/install/autoronto_app_task_ima/share/autoronto_app_task_ima/package.zsh'
[77.019s] Level 1:colcon.colcon_core.environment:create_file_with_runtime_dependencies(/home/vboxuser/ros2_ws/src/autoronto_app_task_ima/install/autoronto_app_task_ima/share/colcon-core/packages/autoronto_app_task_ima)
[77.021s] DEBUG:colcon.colcon_parallel_executor.executor.parallel:closing loop
[77.021s] DEBUG:colcon.colcon_parallel_executor.executor.parallel:loop closed
[77.022s] DEBUG:colcon.colcon_parallel_executor.executor.parallel:run_until_complete finished with '0'
[77.022s] DEBUG:colcon.colcon_core.event_reactor:joining thread
[77.212s] INFO:colcon.colcon_core.plugin_system:Skipping extension 'colcon_notification.desktop_notification.terminal_notifier': Not used on non-Darwin systems
[77.212s] INFO:colcon.colcon_core.plugin_system:Skipping extension 'colcon_notification.desktop_notification.win32': Not used on non-Windows systems
[77.212s] INFO:colcon.colcon_notification.desktop_notification:Sending desktop notification using 'notify2'
[77.300s] DEBUG:colcon.colcon_core.event_reactor:joined thread
[77.301s] INFO:colcon.colcon_core.shell:Creating prefix script '/home/vboxuser/ros2_ws/src/autoronto_app_task_ima/install/local_setup.ps1'
[77.309s] INFO:colcon.colcon_core.shell:Creating prefix util module '/home/vboxuser/ros2_ws/src/autoronto_app_task_ima/install/_local_setup_util_ps1.py'
[77.450s] INFO:colcon.colcon_core.shell:Creating prefix chain script '/home/vboxuser/ros2_ws/src/autoronto_app_task_ima/install/setup.ps1'
[77.454s] INFO:colcon.colcon_core.shell:Creating prefix script '/home/vboxuser/ros2_ws/src/autoronto_app_task_ima/install/local_setup.sh'
[77.456s] INFO:colcon.colcon_core.shell:Creating prefix util module '/home/vboxuser/ros2_ws/src/autoronto_app_task_ima/install/_local_setup_util_sh.py'
[77.457s] INFO:colcon.colcon_core.shell:Creating prefix chain script '/home/vboxuser/ros2_ws/src/autoronto_app_task_ima/install/setup.sh'
[77.462s] INFO:colcon.colcon_core.shell:Creating prefix script '/home/vboxuser/ros2_ws/src/autoronto_app_task_ima/install/local_setup.bash'
[77.464s] INFO:colcon.colcon_core.shell:Creating prefix chain script '/home/vboxuser/ros2_ws/src/autoronto_app_task_ima/install/setup.bash'
[77.467s] INFO:colcon.colcon_core.shell:Creating prefix script '/home/vboxuser/ros2_ws/src/autoronto_app_task_ima/install/local_setup.zsh'
[77.468s] INFO:colcon.colcon_core.shell:Creating prefix chain script '/home/vboxuser/ros2_ws/src/autoronto_app_task_ima/install/setup.zsh'
