[0.199s] DEBUG:colcon:Command line arguments: ['/usr/bin/colcon', 'build', '--packages-select', 'autoronto_app_task_ima']
[0.199s] DEBUG:colcon:Parsed command line arguments: Namespace(log_base=None, log_level=None, verb_name='build', build_base='build', install_base='install', merge_install=False, symlink_install=False, test_result_base=None, continue_on_error=False, executor='parallel', parallel_workers=2, event_handlers=None, ignore_user_meta=False, metas=['./colcon.meta'], base_paths=['.'], packages_ignore=None, packages_ignore_regex=None, paths=None, packages_up_to=None, packages_up_to_regex=None, packages_above=None, packages_above_and_dependencies=None, packages_above_depth=None, packages_select_by_dep=None, packages_skip_by_dep=None, packages_skip_up_to=None, packages_select_build_failed=False, packages_skip_build_finished=False, packages_select_test_failures=False, packages_skip_test_passed=False, packages_select=['autoronto_app_task_ima'], packages_skip=None, packages_select_regex=None, packages_skip_regex=None, packages_start=None, packages_end=None, allow_overriding=[], cmake_args=None, cmake_target=None, cmake_target_skip_unavailable=False, cmake_clean_cache=False, cmake_clean_first=False, cmake_force_configure=False, ament_cmake_args=None, catkin_cmake_args=None, catkin_skip_building_tests=False, mixin_files=None, mixin=None, verb_parser=<colcon_mixin.mixin.mixin_argument.MixinArgumentDecorator object at 0x712e2ba4dea0>, verb_extension=<colcon_core.verb.build.BuildVerb object at 0x712e2ba4d9f0>, main=<bound method BuildVerb.main of <colcon_core.verb.build.BuildVerb object at 0x712e2ba4d9f0>>, mixin_verb=('build',))
[0.996s] Level 1:colcon.colcon_core.package_discovery:discover_packages(colcon_meta) check parameters
[0.996s] Level 1:colcon.colcon_core.package_discovery:discover_packages(recursive) check parameters
[0.996s] Level 1:colcon.colcon_core.package_discovery:discover_packages(ignore) check parameters
[0.996s] Level 1:colcon.colcon_core.package_discovery:discover_packages(path) check parameters
[0.996s] Level 1:colcon.colcon_core.package_discovery:discover_packages(colcon_meta) discover
[0.997s] Level 1:colcon.colcon_core.package_discovery:discover_packages(recursive) discover
[0.997s] INFO:colcon.colcon_core.package_discovery:Crawling recursively for packages in '/home/vboxuser/ros2_ws/src/autoronto_app_task_ima'
[0.997s] Level 1:colcon.colcon_core.package_identification:_identify(.) by extensions ['ignore', 'ignore_ament_install']
[0.998s] Level 1:colcon.colcon_core.package_identification:_identify(.) by extension 'ignore'
[0.998s] Level 1:colcon.colcon_core.package_identification:_identify(.) by extension 'ignore_ament_install'
[0.999s] Level 1:colcon.colcon_core.package_identification:_identify(.) by extensions ['colcon_pkg']
[0.999s] Level 1:colcon.colcon_core.package_identification:_identify(.) by extension 'colcon_pkg'
[0.999s] Level 1:colcon.colcon_core.package_identification:_identify(.) by extensions ['colcon_meta']
[0.999s] Level 1:colcon.colcon_core.package_identification:_identify(.) by extension 'colcon_meta'
[0.999s] Level 1:colcon.colcon_core.package_identification:_identify(.) by extensions ['ros']
[0.999s] Level 1:colcon.colcon_core.package_identification:_identify(.) by extension 'ros'
[1.090s] DEBUG:colcon.colcon_core.package_identification:Package '.' with type 'ros.ament_cmake' and name 'autoronto_app_task_ima'
[1.091s] Level 1:colcon.colcon_core.package_discovery:discover_packages(recursive) using defaults
[1.091s] Level 1:colcon.colcon_core.package_discovery:discover_packages(ignore) discover
[1.091s] Level 1:colcon.colcon_core.package_discovery:discover_packages(ignore) using defaults
[1.091s] Level 1:colcon.colcon_core.package_discovery:discover_packages(path) discover
[1.091s] Level 1:colcon.colcon_core.package_discovery:discover_packages(path) using defaults
[1.222s] Level 1:colcon.colcon_core.package_discovery:discover_packages(prefix_path) check parameters
[1.222s] Level 1:colcon.colcon_core.package_discovery:discover_packages(prefix_path) discover
[1.230s] DEBUG:colcon.colcon_installed_package_information.package_discovery:Found 1 installed packages in /home/vboxuser/ros2_ws/src/autoronto_app_task_ima/install
[1.234s] DEBUG:colcon.colcon_installed_package_information.package_discovery:Found 293 installed packages in /opt/ros/humble
[1.295s] Level 1:colcon.colcon_core.package_discovery:discover_packages(prefix_path) using defaults
[1.538s] Level 5:colcon.colcon_core.verb:set package 'autoronto_app_task_ima' build argument 'cmake_args' from command line to 'None'
[1.538s] Level 5:colcon.colcon_core.verb:set package 'autoronto_app_task_ima' build argument 'cmake_target' from command line to 'None'
[1.538s] Level 5:colcon.colcon_core.verb:set package 'autoronto_app_task_ima' build argument 'cmake_target_skip_unavailable' from command line to 'False'
[1.538s] Level 5:colcon.colcon_core.verb:set package 'autoronto_app_task_ima' build argument 'cmake_clean_cache' from command line to 'False'
[1.538s] Level 5:colcon.colcon_core.verb:set package 'autoronto_app_task_ima' build argument 'cmake_clean_first' from command line to 'False'
[1.538s] Level 5:colcon.colcon_core.verb:set package 'autoronto_app_task_ima' build argument 'cmake_force_configure' from command line to 'False'
[1.538s] Level 5:colcon.colcon_core.verb:set package 'autoronto_app_task_ima' build argument 'ament_cmake_args' from command line to 'None'
[1.538s] Level 5:colcon.colcon_core.verb:set package 'autoronto_app_task_ima' build argument 'catkin_cmake_args' from command line to 'None'
[1.538s] Level 5:colcon.colcon_core.verb:set package 'autoronto_app_task_ima' build argument 'catkin_skip_building_tests' from command line to 'False'
[1.539s] DEBUG:colcon.colcon_core.verb:Building package 'autoronto_app_task_ima' with the following arguments: {'ament_cmake_args': None, 'build_base': '/home/vboxuser/ros2_ws/src/autoronto_app_task_ima/build/autoronto_app_task_ima', 'catkin_cmake_args': None, 'catkin_skip_building_tests': False, 'cmake_args': None, 'cmake_clean_cache': False, 'cmake_clean_first': False, 'cmake_force_configure': False, 'cmake_target': None, 'cmake_target_skip_unavailable': False, 'install_base': '/home/vboxuser/ros2_ws/src/autoronto_app_task_ima/install/autoronto_app_task_ima', 'merge_install': False, 'path': '/home/vboxuser/ros2_ws/src/autoronto_app_task_ima', 'symlink_install': False, 'test_result_base': None}
[1.540s] INFO:colcon.colcon_core.executor:Executing jobs using 'parallel' executor
[1.549s] DEBUG:colcon.colcon_parallel_executor.executor.parallel:run_until_complete
[1.550s] INFO:colcon.colcon_ros.task.ament_cmake.build:Building ROS package in '/home/vboxuser/ros2_ws/src/autoronto_app_task_ima' with build type 'ament_cmake'
[1.550s] INFO:colcon.colcon_cmake.task.cmake.build:Building CMake package in '/home/vboxuser/ros2_ws/src/autoronto_app_task_ima'
[1.556s] INFO:colcon.colcon_core.plugin_system:Skipping extension 'colcon_core.shell.bat': Not used on non-Windows systems
[1.556s] INFO:colcon.colcon_core.shell:Skip shell extension 'powershell' for command environment: Not usable outside of PowerShell
[1.556s] DEBUG:colcon.colcon_core.shell:Skip shell extension 'dsv' for command environment
[1.610s] DEBUG:colcon.colcon_core.event_handler.log_command:Invoking command in '/home/vboxuser/ros2_ws/src/autoronto_app_task_ima/build/autoronto_app_task_ima': CMAKE_PREFIX_PATH=${CMAKE_PREFIX_PATH}:/opt/ros/humble /usr/bin/cmake --build /home/vboxuser/ros2_ws/src/autoronto_app_task_ima/build/autoronto_app_task_ima -- -j2 -l2
[16.220s] DEBUG:colcon.colcon_core.event_handler.log_command:Invoked command in '/home/vboxuser/ros2_ws/src/autoronto_app_task_ima/build/autoronto_app_task_ima' returned '2': CMAKE_PREFIX_PATH=${CMAKE_PREFIX_PATH}:/opt/ros/humble /usr/bin/cmake --build /home/vboxuser/ros2_ws/src/autoronto_app_task_ima/build/autoronto_app_task_ima -- -j2 -l2
[16.544s] Level 1:colcon.colcon_core.environment:create_environment_scripts_only(autoronto_app_task_ima)
[16.557s] Level 1:colcon.colcon_core.environment:checking '/home/vboxuser/ros2_ws/src/autoronto_app_task_ima/install/autoronto_app_task_ima' for CMake module files
[16.559s] Level 1:colcon.colcon_core.environment:checking '/home/vboxuser/ros2_ws/src/autoronto_app_task_ima/install/autoronto_app_task_ima' for CMake config files
[16.559s] Level 1:colcon.colcon_core.shell:create_environment_hook('autoronto_app_task_ima', 'cmake_prefix_path')
[16.560s] INFO:colcon.colcon_core.shell:Creating environment hook '/home/vboxuser/ros2_ws/src/autoronto_app_task_ima/install/autoronto_app_task_ima/share/autoronto_app_task_ima/hook/cmake_prefix_path.ps1'
[16.565s] INFO:colcon.colcon_core.shell:Creating environment descriptor '/home/vboxuser/ros2_ws/src/autoronto_app_task_ima/install/autoronto_app_task_ima/share/autoronto_app_task_ima/hook/cmake_prefix_path.dsv'
[16.567s] INFO:colcon.colcon_core.shell:Creating environment hook '/home/vboxuser/ros2_ws/src/autoronto_app_task_ima/install/autoronto_app_task_ima/share/autoronto_app_task_ima/hook/cmake_prefix_path.sh'
[16.571s] Level 1:colcon.colcon_core.environment:checking '/home/vboxuser/ros2_ws/src/autoronto_app_task_ima/install/autoronto_app_task_ima/lib'
[16.571s] Level 1:colcon.colcon_core.environment:checking '/home/vboxuser/ros2_ws/src/autoronto_app_task_ima/install/autoronto_app_task_ima/bin'
[16.572s] Level 1:colcon.colcon_core.environment:checking '/home/vboxuser/ros2_ws/src/autoronto_app_task_ima/install/autoronto_app_task_ima/lib/pkgconfig/autoronto_app_task_ima.pc'
[16.573s] Level 1:colcon.colcon_core.environment:checking '/home/vboxuser/ros2_ws/src/autoronto_app_task_ima/install/autoronto_app_task_ima/lib/python3.10/site-packages'
[16.573s] Level 1:colcon.colcon_core.environment:checking '/home/vboxuser/ros2_ws/src/autoronto_app_task_ima/install/autoronto_app_task_ima/bin'
[16.574s] INFO:colcon.colcon_core.shell:Creating package script '/home/vboxuser/ros2_ws/src/autoronto_app_task_ima/install/autoronto_app_task_ima/share/autoronto_app_task_ima/package.ps1'
[16.577s] INFO:colcon.colcon_core.shell:Creating package descriptor '/home/vboxuser/ros2_ws/src/autoronto_app_task_ima/install/autoronto_app_task_ima/share/autoronto_app_task_ima/package.dsv'
[16.579s] INFO:colcon.colcon_core.shell:Creating package script '/home/vboxuser/ros2_ws/src/autoronto_app_task_ima/install/autoronto_app_task_ima/share/autoronto_app_task_ima/package.sh'
[16.596s] INFO:colcon.colcon_core.shell:Creating package script '/home/vboxuser/ros2_ws/src/autoronto_app_task_ima/install/autoronto_app_task_ima/share/autoronto_app_task_ima/package.bash'
[16.599s] INFO:colcon.colcon_core.shell:Creating package script '/home/vboxuser/ros2_ws/src/autoronto_app_task_ima/install/autoronto_app_task_ima/share/autoronto_app_task_ima/package.zsh'
[16.611s] Level 1:colcon.colcon_core.environment:create_file_with_runtime_dependencies(/home/vboxuser/ros2_ws/src/autoronto_app_task_ima/install/autoronto_app_task_ima/share/colcon-core/packages/autoronto_app_task_ima)
[16.643s] DEBUG:colcon.colcon_parallel_executor.executor.parallel:closing loop
[16.644s] DEBUG:colcon.colcon_parallel_executor.executor.parallel:loop closed
[16.644s] DEBUG:colcon.colcon_parallel_executor.executor.parallel:run_until_complete finished with '2'
[16.644s] DEBUG:colcon.colcon_core.event_reactor:joining thread
[16.684s] INFO:colcon.colcon_core.plugin_system:Skipping extension 'colcon_notification.desktop_notification.terminal_notifier': Not used on non-Darwin systems
[16.684s] INFO:colcon.colcon_core.plugin_system:Skipping extension 'colcon_notification.desktop_notification.win32': Not used on non-Windows systems
[16.684s] INFO:colcon.colcon_notification.desktop_notification:Sending desktop notification using 'notify2'
[16.819s] DEBUG:colcon.colcon_core.event_reactor:joined thread
[16.820s] INFO:colcon.colcon_core.shell:Creating prefix script '/home/vboxuser/ros2_ws/src/autoronto_app_task_ima/install/local_setup.ps1'
[16.823s] INFO:colcon.colcon_core.shell:Creating prefix util module '/home/vboxuser/ros2_ws/src/autoronto_app_task_ima/install/_local_setup_util_ps1.py'
[16.832s] INFO:colcon.colcon_core.shell:Creating prefix chain script '/home/vboxuser/ros2_ws/src/autoronto_app_task_ima/install/setup.ps1'
[16.835s] INFO:colcon.colcon_core.shell:Creating prefix script '/home/vboxuser/ros2_ws/src/autoronto_app_task_ima/install/local_setup.sh'
[16.836s] INFO:colcon.colcon_core.shell:Creating prefix util module '/home/vboxuser/ros2_ws/src/autoronto_app_task_ima/install/_local_setup_util_sh.py'
[16.837s] INFO:colcon.colcon_core.shell:Creating prefix chain script '/home/vboxuser/ros2_ws/src/autoronto_app_task_ima/install/setup.sh'
[16.840s] INFO:colcon.colcon_core.shell:Creating prefix script '/home/vboxuser/ros2_ws/src/autoronto_app_task_ima/install/local_setup.bash'
[16.851s] INFO:colcon.colcon_core.shell:Creating prefix chain script '/home/vboxuser/ros2_ws/src/autoronto_app_task_ima/install/setup.bash'
[16.853s] INFO:colcon.colcon_core.shell:Creating prefix script '/home/vboxuser/ros2_ws/src/autoronto_app_task_ima/install/local_setup.zsh'
[16.854s] INFO:colcon.colcon_core.shell:Creating prefix chain script '/home/vboxuser/ros2_ws/src/autoronto_app_task_ima/install/setup.zsh'
