[0.023s] Invoking command in '/home/vboxuser/ros2_ws/src/autoronto_app_task_ima/build/autoronto_app_task_ima': CMAKE_PREFIX_PATH=${CMAKE_PREFIX_PATH}:/opt/ros/humble /usr/bin/cmake --build /home/vboxuser/ros2_ws/src/autoronto_app_task_ima/build/autoronto_app_task_ima -- -j2 -l2
[0.379s] [35m[1mConsolidate compiler generated dependencies of target talker[0m
[0.396s] [ 33%] Built target talker
[0.451s] [35m[1mConsolidate compiler generated dependencies of target solver[0m
[0.451s] [ 66%] Built target listener
[0.494s] [ 83%] [32mBuilding CXX object CMakeFiles/solver.dir/src/solution.cpp.o[0m
[92.235s] [100%] [32m[1mLinking CXX executable solver[0m
[96.717s] [100%] Built target solver
[96.921s] Invoked command in '/home/vboxuser/ros2_ws/src/autoronto_app_task_ima/build/autoronto_app_task_ima' returned '0': CMAKE_PREFIX_PATH=${CMAKE_PREFIX_PATH}:/opt/ros/humble /usr/bin/cmake --build /home/vboxuser/ros2_ws/src/autoronto_app_task_ima/build/autoronto_app_task_ima -- -j2 -l2
[98.042s] Invoking command in '/home/vboxuser/ros2_ws/src/autoronto_app_task_ima/build/autoronto_app_task_ima': CMAKE_PREFIX_PATH=${CMAKE_PREFIX_PATH}:/opt/ros/humble /usr/bin/cmake --install /home/vboxuser/ros2_ws/src/autoronto_app_task_ima/build/autoronto_app_task_ima
[98.209s] -- Install configuration: ""
[98.235s] -- Up-to-date: /home/vboxuser/ros2_ws/src/autoronto_app_task_ima/install/autoronto_app_task_ima/lib/autoronto_app_task_ima/talker
[98.235s] -- Up-to-date: /home/vboxuser/ros2_ws/src/autoronto_app_task_ima/install/autoronto_app_task_ima/lib/autoronto_app_task_ima/listener
[98.239s] -- Installing: /home/vboxuser/ros2_ws/src/autoronto_app_task_ima/install/autoronto_app_task_ima/lib/autoronto_app_task_ima/solver
[98.279s] -- Set runtime path of "/home/vboxuser/ros2_ws/src/autoronto_app_task_ima/install/autoronto_app_task_ima/lib/autoronto_app_task_ima/solver" to ""
[98.279s] -- Up-to-date: /home/vboxuser/ros2_ws/src/autoronto_app_task_ima/install/autoronto_app_task_ima/share/ament_index/resource_index/package_run_dependencies/autoronto_app_task_ima
[98.283s] -- Up-to-date: /home/vboxuser/ros2_ws/src/autoronto_app_task_ima/install/autoronto_app_task_ima/share/ament_index/resource_index/parent_prefix_path/autoronto_app_task_ima
[98.283s] -- Up-to-date: /home/vboxuser/ros2_ws/src/autoronto_app_task_ima/install/autoronto_app_task_ima/share/autoronto_app_task_ima/environment/ament_prefix_path.sh
[98.283s] -- Up-to-date: /home/vboxuser/ros2_ws/src/autoronto_app_task_ima/install/autoronto_app_task_ima/share/autoronto_app_task_ima/environment/ament_prefix_path.dsv
[98.283s] -- Up-to-date: /home/vboxuser/ros2_ws/src/autoronto_app_task_ima/install/autoronto_app_task_ima/share/autoronto_app_task_ima/environment/path.sh
[98.284s] -- Up-to-date: /home/vboxuser/ros2_ws/src/autoronto_app_task_ima/install/autoronto_app_task_ima/share/autoronto_app_task_ima/environment/path.dsv
[98.284s] -- Up-to-date: /home/vboxuser/ros2_ws/src/autoronto_app_task_ima/install/autoronto_app_task_ima/share/autoronto_app_task_ima/local_setup.bash
[98.284s] -- Up-to-date: /home/vboxuser/ros2_ws/src/autoronto_app_task_ima/install/autoronto_app_task_ima/share/autoronto_app_task_ima/local_setup.sh
[98.285s] -- Up-to-date: /home/vboxuser/ros2_ws/src/autoronto_app_task_ima/install/autoronto_app_task_ima/share/autoronto_app_task_ima/local_setup.zsh
[98.285s] -- Up-to-date: /home/vboxuser/ros2_ws/src/autoronto_app_task_ima/install/autoronto_app_task_ima/share/autoronto_app_task_ima/local_setup.dsv
[98.285s] -- Installing: /home/vboxuser/ros2_ws/src/autoronto_app_task_ima/install/autoronto_app_task_ima/share/autoronto_app_task_ima/package.dsv
[98.285s] -- Up-to-date: /home/vboxuser/ros2_ws/src/autoronto_app_task_ima/install/autoronto_app_task_ima/share/ament_index/resource_index/packages/autoronto_app_task_ima
[98.285s] -- Up-to-date: /home/vboxuser/ros2_ws/src/autoronto_app_task_ima/install/autoronto_app_task_ima/share/autoronto_app_task_ima/cmake/autoronto_app_task_imaConfig.cmake
[98.285s] -- Up-to-date: /home/vboxuser/ros2_ws/src/autoronto_app_task_ima/install/autoronto_app_task_ima/share/autoronto_app_task_ima/cmake/autoronto_app_task_imaConfig-version.cmake
[98.286s] -- Up-to-date: /home/vboxuser/ros2_ws/src/autoronto_app_task_ima/install/autoronto_app_task_ima/share/autoronto_app_task_ima/package.xml
[98.500s] Invoked command in '/home/vboxuser/ros2_ws/src/autoronto_app_task_ima/build/autoronto_app_task_ima' returned '0': CMAKE_PREFIX_PATH=${CMAKE_PREFIX_PATH}:/opt/ros/humble /usr/bin/cmake --install /home/vboxuser/ros2_ws/src/autoronto_app_task_ima/build/autoronto_app_task_ima
