[0.017s] Invoking command in '/home/vboxuser/ros2_ws/src/autoronto_app_task_ima/build/autoronto_app_task_ima': CMAKE_PREFIX_PATH=${CMAKE_PREFIX_PATH}:/opt/ros/humble /usr/bin/cmake --build /home/vboxuser/ros2_ws/src/autoronto_app_task_ima/build/autoronto_app_task_ima -- -j2 -l2
[0.121s] [35m[1mConsolidate compiler generated dependencies of target talker[0m
[0.181s] [ 33%] Built target listener
[0.182s] [ 50%] [32mBuilding CXX object CMakeFiles/talker.dir/src/test_pub.cpp.o[0m
[0.432s] [ 83%] Built target solver
[5.469s] [01m[K/home/vboxuser/ros2_ws/src/autoronto_app_task_ima/src/test_pub.cpp:[m[K In member function ‘[01m[Kvoid InputPublisher::timer_callback()[m[K’:
[5.469s] [01m[K/home/vboxuser/ros2_ws/src/autoronto_app_task_ima/src/test_pub.cpp:39:35:[m[K [01;31m[Kerror: [m[Kexpected primary-expression before ‘[01m[K)[m[K’ token
[5.470s]    39 |     msg.layout.dim.push_back(m_a_d[01;31m[K)[m[K; // because we know the topic /input sends array (1-dim), we only push once
[5.470s]       |                                   [01;31m[K^[m[K
[5.470s] [01m[K/home/vboxuser/ros2_ws/src/autoronto_app_task_ima/src/test_pub.cpp:46:30:[m[K [01;31m[Kerror: [m[Kno matching function for call to ‘[01m[Kstd_msgs::msg::Int8_<std::allocator<void> >::Int8_(int)[m[K’
[5.470s]    46 |     int8 payload[9] = {int8(1[01;31m[K)[m[K,int8(2),int8(3),int8(5),int8(8),int8(13),int8(21),int8(34),int8(55)};
[5.471s]       |                              [01;31m[K^[m[K
[5.471s] In file included from [01m[K/opt/ros/humble/include/std_msgs/std_msgs/msg/int8.hpp:7[m[K,
[5.471s]                  from [01m[K/home/vboxuser/ros2_ws/src/autoronto_app_task_ima/src/test_pub.cpp:13[m[K:
[5.472s] [01m[K/opt/ros/humble/include/std_msgs/std_msgs/msg/detail/int8__struct.hpp:45:12:[m[K [01;36m[Knote: [m[Kcandidate: ‘[01m[Kstd_msgs::msg::Int8_<ContainerAllocator>::Int8_(const ContainerAllocator&, rosidl_runtime_cpp::MessageInitialization) [with ContainerAllocator = std::allocator<void>][m[K’
[5.472s]    45 |   explicit [01;36m[KInt8_[m[K(const ContainerAllocator & _alloc, rosidl_runtime_cpp::MessageInitialization _init = rosidl_runtime_cpp::MessageInitialization::ALL)
[5.472s]       |            [01;36m[K^~~~~[m[K
[5.475s] [01m[K/opt/ros/humble/include/std_msgs/std_msgs/msg/detail/int8__struct.hpp:45:45:[m[K [01;36m[Knote: [m[K  no known conversion for argument 1 from ‘[01m[Kint[m[K’ to ‘[01m[Kconst std::allocator<void>&[m[K’
[5.476s]    45 |   explicit Int8_([01;36m[Kconst ContainerAllocator & _alloc[m[K, rosidl_runtime_cpp::MessageInitialization _init = rosidl_runtime_cpp::MessageInitialization::ALL)
[5.476s]       |                  [01;36m[K~~~~~~~~~~~~~~~~~~~~~~~~~~~^~~~~~[m[K
[5.477s] [01m[K/opt/ros/humble/include/std_msgs/std_msgs/msg/detail/int8__struct.hpp:36:12:[m[K [01;36m[Knote: [m[Kcandidate: ‘[01m[Kstd_msgs::msg::Int8_<ContainerAllocator>::Int8_(rosidl_runtime_cpp::MessageInitialization) [with ContainerAllocator = std::allocator<void>][m[K’
[5.486s]    36 |   explicit [01;36m[KInt8_[m[K(rosidl_runtime_cpp::MessageInitialization _init = rosidl_runtime_cpp::MessageInitialization::ALL)
[5.487s]       |            [01;36m[K^~~~~[m[K
[5.490s] [01m[K/opt/ros/humble/include/std_msgs/std_msgs/msg/detail/int8__struct.hpp:36:60:[m[K [01;36m[Knote: [m[K  no known conversion for argument 1 from ‘[01m[Kint[m[K’ to ‘[01m[Krosidl_runtime_cpp::MessageInitialization[m[K’
[5.491s]    36 |   explicit Int8_([01;36m[Krosidl_runtime_cpp::MessageInitialization _init = rosidl_runtime_cpp::MessageInitialization::ALL[m[K)
[5.491s]       |                  [01;36m[K~~~~~~~~~~~~~~~~~~~~~~~~~~~~~~~~~~~~~~~~~~^~~~~~~~~~~~~~~~~~~~~~~~~~~~~~~~~~~~~~~~~~~~~~~~~~~~~~[m[K
[5.491s] [01m[K/opt/ros/humble/include/std_msgs/std_msgs/msg/detail/int8__struct.hpp:32:8:[m[K [01;36m[Knote: [m[Kcandidate: ‘[01m[Kconstexpr std_msgs::msg::Int8_<std::allocator<void> >::Int8_(const std_msgs::msg::Int8_<std::allocator<void> >&)[m[K’
[5.492s]    32 | struct [01;36m[KInt8_[m[K
[5.493s]       |        [01;36m[K^~~~~[m[K
[5.493s] [01m[K/opt/ros/humble/include/std_msgs/std_msgs/msg/detail/int8__struct.hpp:32:8:[m[K [01;36m[Knote: [m[K  no known conversion for argument 1 from ‘[01m[Kint[m[K’ to ‘[01m[Kconst std_msgs::msg::Int8_<std::allocator<void> >&[m[K’
[5.493s] [01m[K/opt/ros/humble/include/std_msgs/std_msgs/msg/detail/int8__struct.hpp:32:8:[m[K [01;36m[Knote: [m[Kcandidate: ‘[01m[Kconstexpr std_msgs::msg::Int8_<std::allocator<void> >::Int8_(std_msgs::msg::Int8_<std::allocator<void> >&&)[m[K’
[5.501s] [01m[K/opt/ros/humble/include/std_msgs/std_msgs/msg/detail/int8__struct.hpp:32:8:[m[K [01;36m[Knote: [m[K  no known conversion for argument 1 from ‘[01m[Kint[m[K’ to ‘[01m[Kstd_msgs::msg::Int8_<std::allocator<void> >&&[m[K’
[5.501s] [01m[K/home/vboxuser/ros2_ws/src/autoronto_app_task_ima/src/test_pub.cpp:46:38:[m[K [01;31m[Kerror: [m[Kno matching function for call to ‘[01m[Kstd_msgs::msg::Int8_<std::allocator<void> >::Int8_(int)[m[K’
[5.501s]    46 |     int8 payload[9] = {int8(1),int8(2[01;31m[K)[m[K,int8(3),int8(5),int8(8),int8(13),int8(21),int8(34),int8(55)};
[5.501s]       |                                      [01;31m[K^[m[K
[5.502s] In file included from [01m[K/opt/ros/humble/include/std_msgs/std_msgs/msg/int8.hpp:7[m[K,
[5.502s]                  from [01m[K/home/vboxuser/ros2_ws/src/autoronto_app_task_ima/src/test_pub.cpp:13[m[K:
[5.505s] [01m[K/opt/ros/humble/include/std_msgs/std_msgs/msg/detail/int8__struct.hpp:45:12:[m[K [01;36m[Knote: [m[Kcandidate: ‘[01m[Kstd_msgs::msg::Int8_<ContainerAllocator>::Int8_(const ContainerAllocator&, rosidl_runtime_cpp::MessageInitialization) [with ContainerAllocator = std::allocator<void>][m[K’
[5.506s]    45 |   explicit [01;36m[KInt8_[m[K(const ContainerAllocator & _alloc, rosidl_runtime_cpp::MessageInitialization _init = rosidl_runtime_cpp::MessageInitialization::ALL)
[5.507s]       |            [01;36m[K^~~~~[m[K
[5.508s] [01m[K/opt/ros/humble/include/std_msgs/std_msgs/msg/detail/int8__struct.hpp:45:45:[m[K [01;36m[Knote: [m[K  no known conversion for argument 1 from ‘[01m[Kint[m[K’ to ‘[01m[Kconst std::allocator<void>&[m[K’
[5.508s]    45 |   explicit Int8_([01;36m[Kconst ContainerAllocator & _alloc[m[K, rosidl_runtime_cpp::MessageInitialization _init = rosidl_runtime_cpp::MessageInitialization::ALL)
[5.508s]       |                  [01;36m[K~~~~~~~~~~~~~~~~~~~~~~~~~~~^~~~~~[m[K
[5.508s] [01m[K/opt/ros/humble/include/std_msgs/std_msgs/msg/detail/int8__struct.hpp:36:12:[m[K [01;36m[Knote: [m[Kcandidate: ‘[01m[Kstd_msgs::msg::Int8_<ContainerAllocator>::Int8_(rosidl_runtime_cpp::MessageInitialization) [with ContainerAllocator = std::allocator<void>][m[K’
[5.508s]    36 |   explicit [01;36m[KInt8_[m[K(rosidl_runtime_cpp::MessageInitialization _init = rosidl_runtime_cpp::MessageInitialization::ALL)
[5.508s]       |            [01;36m[K^~~~~[m[K
[5.509s] [01m[K/opt/ros/humble/include/std_msgs/std_msgs/msg/detail/int8__struct.hpp:36:60:[m[K [01;36m[Knote: [m[K  no known conversion for argument 1 from ‘[01m[Kint[m[K’ to ‘[01m[Krosidl_runtime_cpp::MessageInitialization[m[K’
[5.509s]    36 |   explicit Int8_([01;36m[Krosidl_runtime_cpp::MessageInitialization _init = rosidl_runtime_cpp::MessageInitialization::ALL[m[K)
[5.509s]       |                  [01;36m[K~~~~~~~~~~~~~~~~~~~~~~~~~~~~~~~~~~~~~~~~~~^~~~~~~~~~~~~~~~~~~~~~~~~~~~~~~~~~~~~~~~~~~~~~~~~~~~~~[m[K
[5.509s] [01m[K/opt/ros/humble/include/std_msgs/std_msgs/msg/detail/int8__struct.hpp:32:8:[m[K [01;36m[Knote: [m[Kcandidate: ‘[01m[Kconstexpr std_msgs::msg::Int8_<std::allocator<void> >::Int8_(const std_msgs::msg::Int8_<std::allocator<void> >&)[m[K’
[5.510s]    32 | struct [01;36m[KInt8_[m[K
[5.510s]       |        [01;36m[K^~~~~[m[K
[5.510s] [01m[K/opt/ros/humble/include/std_msgs/std_msgs/msg/detail/int8__struct.hpp:32:8:[m[K [01;36m[Knote: [m[K  no known conversion for argument 1 from ‘[01m[Kint[m[K’ to ‘[01m[Kconst std_msgs::msg::Int8_<std::allocator<void> >&[m[K’
[5.510s] [01m[K/opt/ros/humble/include/std_msgs/std_msgs/msg/detail/int8__struct.hpp:32:8:[m[K [01;36m[Knote: [m[Kcandidate: ‘[01m[Kconstexpr std_msgs::msg::Int8_<std::allocator<void> >::Int8_(std_msgs::msg::Int8_<std::allocator<void> >&&)[m[K’
[5.511s] [01m[K/opt/ros/humble/include/std_msgs/std_msgs/msg/detail/int8__struct.hpp:32:8:[m[K [01;36m[Knote: [m[K  no known conversion for argument 1 from ‘[01m[Kint[m[K’ to ‘[01m[Kstd_msgs::msg::Int8_<std::allocator<void> >&&[m[K’
[5.511s] [01m[K/home/vboxuser/ros2_ws/src/autoronto_app_task_ima/src/test_pub.cpp:46:46:[m[K [01;31m[Kerror: [m[Kno matching function for call to ‘[01m[Kstd_msgs::msg::Int8_<std::allocator<void> >::Int8_(int)[m[K’
[5.511s]    46 |     int8 payload[9] = {int8(1),int8(2),int8(3[01;31m[K)[m[K,int8(5),int8(8),int8(13),int8(21),int8(34),int8(55)};
[5.512s]       |                                              [01;31m[K^[m[K
[5.512s] In file included from [01m[K/opt/ros/humble/include/std_msgs/std_msgs/msg/int8.hpp:7[m[K,
[5.512s]                  from [01m[K/home/vboxuser/ros2_ws/src/autoronto_app_task_ima/src/test_pub.cpp:13[m[K:
[5.512s] [01m[K/opt/ros/humble/include/std_msgs/std_msgs/msg/detail/int8__struct.hpp:45:12:[m[K [01;36m[Knote: [m[Kcandidate: ‘[01m[Kstd_msgs::msg::Int8_<ContainerAllocator>::Int8_(const ContainerAllocator&, rosidl_runtime_cpp::MessageInitialization) [with ContainerAllocator = std::allocator<void>][m[K’
[5.513s]    45 |   explicit [01;36m[KInt8_[m[K(const ContainerAllocator & _alloc, rosidl_runtime_cpp::MessageInitialization _init = rosidl_runtime_cpp::MessageInitialization::ALL)
[5.513s]       |            [01;36m[K^~~~~[m[K
[5.513s] [01m[K/opt/ros/humble/include/std_msgs/std_msgs/msg/detail/int8__struct.hpp:45:45:[m[K [01;36m[Knote: [m[K  no known conversion for argument 1 from ‘[01m[Kint[m[K’ to ‘[01m[Kconst std::allocator<void>&[m[K’
[5.514s]    45 |   explicit Int8_([01;36m[Kconst ContainerAllocator & _alloc[m[K, rosidl_runtime_cpp::MessageInitialization _init = rosidl_runtime_cpp::MessageInitialization::ALL)
[5.514s]       |                  [01;36m[K~~~~~~~~~~~~~~~~~~~~~~~~~~~^~~~~~[m[K
[5.514s] [01m[K/opt/ros/humble/include/std_msgs/std_msgs/msg/detail/int8__struct.hpp:36:12:[m[K [01;36m[Knote: [m[Kcandidate: ‘[01m[Kstd_msgs::msg::Int8_<ContainerAllocator>::Int8_(rosidl_runtime_cpp::MessageInitialization) [with ContainerAllocator = std::allocator<void>][m[K’
[5.514s]    36 |   explicit [01;36m[KInt8_[m[K(rosidl_runtime_cpp::MessageInitialization _init = rosidl_runtime_cpp::MessageInitialization::ALL)
[5.515s]       |            [01;36m[K^~~~~[m[K
[5.515s] [01m[K/opt/ros/humble/include/std_msgs/std_msgs/msg/detail/int8__struct.hpp:36:60:[m[K [01;36m[Knote: [m[K  no known conversion for argument 1 from ‘[01m[Kint[m[K’ to ‘[01m[Krosidl_runtime_cpp::MessageInitialization[m[K’
[5.515s]    36 |   explicit Int8_([01;36m[Krosidl_runtime_cpp::MessageInitialization _init = rosidl_runtime_cpp::MessageInitialization::ALL[m[K)
[5.516s]       |                  [01;36m[K~~~~~~~~~~~~~~~~~~~~~~~~~~~~~~~~~~~~~~~~~~^~~~~~~~~~~~~~~~~~~~~~~~~~~~~~~~~~~~~~~~~~~~~~~~~~~~~~[m[K
[5.516s] [01m[K/opt/ros/humble/include/std_msgs/std_msgs/msg/detail/int8__struct.hpp:32:8:[m[K [01;36m[Knote: [m[Kcandidate: ‘[01m[Kconstexpr std_msgs::msg::Int8_<std::allocator<void> >::Int8_(const std_msgs::msg::Int8_<std::allocator<void> >&)[m[K’
[5.516s]    32 | struct [01;36m[KInt8_[m[K
[5.516s]       |        [01;36m[K^~~~~[m[K
[5.516s] [01m[K/opt/ros/humble/include/std_msgs/std_msgs/msg/detail/int8__struct.hpp:32:8:[m[K [01;36m[Knote: [m[K  no known conversion for argument 1 from ‘[01m[Kint[m[K’ to ‘[01m[Kconst std_msgs::msg::Int8_<std::allocator<void> >&[m[K’
[5.516s] [01m[K/opt/ros/humble/include/std_msgs/std_msgs/msg/detail/int8__struct.hpp:32:8:[m[K [01;36m[Knote: [m[Kcandidate: ‘[01m[Kconstexpr std_msgs::msg::Int8_<std::allocator<void> >::Int8_(std_msgs::msg::Int8_<std::allocator<void> >&&)[m[K’
[5.517s] [01m[K/opt/ros/humble/include/std_msgs/std_msgs/msg/detail/int8__struct.hpp:32:8:[m[K [01;36m[Knote: [m[K  no known conversion for argument 1 from ‘[01m[Kint[m[K’ to ‘[01m[Kstd_msgs::msg::Int8_<std::allocator<void> >&&[m[K’
[5.517s] [01m[K/home/vboxuser/ros2_ws/src/autoronto_app_task_ima/src/test_pub.cpp:46:54:[m[K [01;31m[Kerror: [m[Kno matching function for call to ‘[01m[Kstd_msgs::msg::Int8_<std::allocator<void> >::Int8_(int)[m[K’
[5.517s]    46 |     int8 payload[9] = {int8(1),int8(2),int8(3),int8(5[01;31m[K)[m[K,int8(8),int8(13),int8(21),int8(34),int8(55)};
[5.517s]       |                                                      [01;31m[K^[m[K
[5.517s] In file included from [01m[K/opt/ros/humble/include/std_msgs/std_msgs/msg/int8.hpp:7[m[K,
[5.517s]                  from [01m[K/home/vboxuser/ros2_ws/src/autoronto_app_task_ima/src/test_pub.cpp:13[m[K:
[5.517s] [01m[K/opt/ros/humble/include/std_msgs/std_msgs/msg/detail/int8__struct.hpp:45:12:[m[K [01;36m[Knote: [m[Kcandidate: ‘[01m[Kstd_msgs::msg::Int8_<ContainerAllocator>::Int8_(const ContainerAllocator&, rosidl_runtime_cpp::MessageInitialization) [with ContainerAllocator = std::allocator<void>][m[K’
[5.518s]    45 |   explicit [01;36m[KInt8_[m[K(const ContainerAllocator & _alloc, rosidl_runtime_cpp::MessageInitialization _init = rosidl_runtime_cpp::MessageInitialization::ALL)
[5.518s]       |            [01;36m[K^~~~~[m[K
[5.518s] [01m[K/opt/ros/humble/include/std_msgs/std_msgs/msg/detail/int8__struct.hpp:45:45:[m[K [01;36m[Knote: [m[K  no known conversion for argument 1 from ‘[01m[Kint[m[K’ to ‘[01m[Kconst std::allocator<void>&[m[K’
[5.518s]    45 |   explicit Int8_([01;36m[Kconst ContainerAllocator & _alloc[m[K, rosidl_runtime_cpp::MessageInitialization _init = rosidl_runtime_cpp::MessageInitialization::ALL)
[5.518s]       |                  [01;36m[K~~~~~~~~~~~~~~~~~~~~~~~~~~~^~~~~~[m[K
[5.518s] [01m[K/opt/ros/humble/include/std_msgs/std_msgs/msg/detail/int8__struct.hpp:36:12:[m[K [01;36m[Knote: [m[Kcandidate: ‘[01m[Kstd_msgs::msg::Int8_<ContainerAllocator>::Int8_(rosidl_runtime_cpp::MessageInitialization) [with ContainerAllocator = std::allocator<void>][m[K’
[5.519s]    36 |   explicit [01;36m[KInt8_[m[K(rosidl_runtime_cpp::MessageInitialization _init = rosidl_runtime_cpp::MessageInitialization::ALL)
[5.519s]       |            [01;36m[K^~~~~[m[K
[5.519s] [01m[K/opt/ros/humble/include/std_msgs/std_msgs/msg/detail/int8__struct.hpp:36:60:[m[K [01;36m[Knote: [m[K  no known conversion for argument 1 from ‘[01m[Kint[m[K’ to ‘[01m[Krosidl_runtime_cpp::MessageInitialization[m[K’
[5.519s]    36 |   explicit Int8_([01;36m[Krosidl_runtime_cpp::MessageInitialization _init = rosidl_runtime_cpp::MessageInitialization::ALL[m[K)
[5.519s]       |                  [01;36m[K~~~~~~~~~~~~~~~~~~~~~~~~~~~~~~~~~~~~~~~~~~^~~~~~~~~~~~~~~~~~~~~~~~~~~~~~~~~~~~~~~~~~~~~~~~~~~~~~[m[K
[5.519s] [01m[K/opt/ros/humble/include/std_msgs/std_msgs/msg/detail/int8__struct.hpp:32:8:[m[K [01;36m[Knote: [m[Kcandidate: ‘[01m[Kconstexpr std_msgs::msg::Int8_<std::allocator<void> >::Int8_(const std_msgs::msg::Int8_<std::allocator<void> >&)[m[K’
[5.519s]    32 | struct [01;36m[KInt8_[m[K
[5.520s]       |        [01;36m[K^~~~~[m[K
[5.520s] [01m[K/opt/ros/humble/include/std_msgs/std_msgs/msg/detail/int8__struct.hpp:32:8:[m[K [01;36m[Knote: [m[K  no known conversion for argument 1 from ‘[01m[Kint[m[K’ to ‘[01m[Kconst std_msgs::msg::Int8_<std::allocator<void> >&[m[K’
[5.520s] [01m[K/opt/ros/humble/include/std_msgs/std_msgs/msg/detail/int8__struct.hpp:32:8:[m[K [01;36m[Knote: [m[Kcandidate: ‘[01m[Kconstexpr std_msgs::msg::Int8_<std::allocator<void> >::Int8_(std_msgs::msg::Int8_<std::allocator<void> >&&)[m[K’
[5.520s] [01m[K/opt/ros/humble/include/std_msgs/std_msgs/msg/detail/int8__struct.hpp:32:8:[m[K [01;36m[Knote: [m[K  no known conversion for argument 1 from ‘[01m[Kint[m[K’ to ‘[01m[Kstd_msgs::msg::Int8_<std::allocator<void> >&&[m[K’
[5.520s] [01m[K/home/vboxuser/ros2_ws/src/autoronto_app_task_ima/src/test_pub.cpp:46:62:[m[K [01;31m[Kerror: [m[Kno matching function for call to ‘[01m[Kstd_msgs::msg::Int8_<std::allocator<void> >::Int8_(int)[m[K’
[5.520s]    46 |    int8 payload[9] = {int8(1),int8(2),int8(3),int8(5),int8(8[01;31m[K)[m[K,int8(13),int8(21),int8(34),int8(55)};
[5.521s]       |                                                             [01;31m[K^[m[K
[5.521s] 
[5.521s] In file included from [01m[K/opt/ros/humble/include/std_msgs/std_msgs/msg/int8.hpp:7[m[K,
[5.521s]                  from [01m[K/home/vboxuser/ros2_ws/src/autoronto_app_task_ima/src/test_pub.cpp:13[m[K:
[5.521s] [01m[K/opt/ros/humble/include/std_msgs/std_msgs/msg/detail/int8__struct.hpp:45:12:[m[K [01;36m[Knote: [m[Kcandidate: ‘[01m[Kstd_msgs::msg::Int8_<ContainerAllocator>::Int8_(const ContainerAllocator&, rosidl_runtime_cpp::MessageInitialization) [with ContainerAllocator = std::allocator<void>][m[K’
[5.521s]    45 |   explicit [01;36m[KInt8_[m[K(const ContainerAllocator & _alloc, rosidl_runtime_cpp::MessageInitialization _init = rosidl_runtime_cpp::MessageInitialization::ALL)
[5.522s]       |            [01;36m[K^~~~~[m[K
[5.522s] [01m[K/opt/ros/humble/include/std_msgs/std_msgs/msg/detail/int8__struct.hpp:45:45:[m[K [01;36m[Knote: [m[K  no known conversion for argument 1 from ‘[01m[Kint[m[K’ to ‘[01m[Kconst std::allocator<void>&[m[K’
[5.523s]    45 |   explicit Int8_([01;36m[Kconst ContainerAllocator & _alloc[m[K, rosidl_runtime_cpp::MessageInitialization _init = rosidl_runtime_cpp::MessageInitialization::ALL)
[5.523s]       |                  [01;36m[K~~~~~~~~~~~~~~~~~~~~~~~~~~~^~~~~~[m[K
[5.523s] [01m[K/opt/ros/humble/include/std_msgs/std_msgs/msg/detail/int8__struct.hpp:36:12:[m[K [01;36m[Knote: [m[Kcandidate: ‘[01m[Kstd_msgs::msg::Int8_<ContainerAllocator>::Int8_(rosidl_runtime_cpp::MessageInitialization) [with ContainerAllocator = std::allocator<void>][m[K’
[5.523s]    36 |   explicit [01;36m[KInt8_[m[K(rosidl_runtime_cpp::MessageInitialization _init = rosidl_runtime_cpp::MessageInitialization::ALL)
[5.524s]       |            [01;36m[K^~~~~[m[K
[5.524s] [01m[K/opt/ros/humble/include/std_msgs/std_msgs/msg/detail/int8__struct.hpp:36:60:[m[K [01;36m[Knote: [m[K  no known conversion for argument 1 from ‘[01m[Kint[m[K’ to ‘[01m[Krosidl_runtime_cpp::MessageInitialization[m[K’
[5.524s]    36 |   explicit Int8_([01;36m[Krosidl_runtime_cpp::MessageInitialization _init = rosidl_runtime_cpp::MessageInitialization::ALL[m[K)
[5.524s]       |                  [01;36m[K~~~~~~~~~~~~~~~~~~~~~~~~~~~~~~~~~~~~~~~~~~^~~~~~~~~~~~~~~~~~~~~~~~~~~~~~~~~~~~~~~~~~~~~~~~~~~~~~[m[K
[5.535s] [01m[K/opt/ros/humble/include/std_msgs/std_msgs/msg/detail/int8__struct.hpp:32:8:[m[K [01;36m[Knote: [m[Kcandidate: ‘[01m[Kconstexpr std_msgs::msg::Int8_<std::allocator<void> >::Int8_(const std_msgs::msg::Int8_<std::allocator<void> >&)[m[K’
[5.535s]    32 | struct [01;36m[KInt8_[m[K
[5.535s]       |        [01;36m[K^~~~~[m[K
[5.535s] [01m[K/opt/ros/humble/include/std_msgs/std_msgs/msg/detail/int8__struct.hpp:32:8:[m[K [01;36m[Knote: [m[K  no known conversion for argument 1 from ‘[01m[Kint[m[K’ to ‘[01m[Kconst std_msgs::msg::Int8_<std::allocator<void> >&[m[K’
[5.536s] [01m[K/opt/ros/humble/include/std_msgs/std_msgs/msg/detail/int8__struct.hpp:32:8:[m[K [01;36m[Knote: [m[Kcandidate: ‘[01m[Kconstexpr std_msgs::msg::Int8_<std::allocator<void> >::Int8_(std_msgs::msg::Int8_<std::allocator<void> >&&)[m[K’
[5.536s] [01m[K/opt/ros/humble/include/std_msgs/std_msgs/msg/detail/int8__struct.hpp:32:8:[m[K [01;36m[Knote: [m[K  no known conversion for argument 1 from ‘[01m[Kint[m[K’ to ‘[01m[Kstd_msgs::msg::Int8_<std::allocator<void> >&&[m[K’
[5.536s] [01m[K/home/vboxuser/ros2_ws/src/autoronto_app_task_ima/src/test_pub.cpp:46:71:[m[K [01;31m[Kerror: [m[Kno matching function for call to ‘[01m[Kstd_msgs::msg::Int8_<std::allocator<void> >::Int8_(int)[m[K’
[5.536s]    46 | ayload[9] = {int8(1),int8(2),int8(3),int8(5),int8(8),int8(13[01;31m[K)[m[K,int8(21),int8(34),int8(55)};
[5.536s]       |                                                             [01;31m[K^[m[K
[5.536s] 
[5.537s] In file included from [01m[K/opt/ros/humble/include/std_msgs/std_msgs/msg/int8.hpp:7[m[K,
[5.537s]                  from [01m[K/home/vboxuser/ros2_ws/src/autoronto_app_task_ima/src/test_pub.cpp:13[m[K:
[5.537s] [01m[K/opt/ros/humble/include/std_msgs/std_msgs/msg/detail/int8__struct.hpp:45:12:[m[K [01;36m[Knote: [m[Kcandidate: ‘[01m[Kstd_msgs::msg::Int8_<ContainerAllocator>::Int8_(const ContainerAllocator&, rosidl_runtime_cpp::MessageInitialization) [with ContainerAllocator = std::allocator<void>][m[K’
[5.537s]    45 |   explicit [01;36m[KInt8_[m[K(const ContainerAllocator & _alloc, rosidl_runtime_cpp::MessageInitialization _init = rosidl_runtime_cpp::MessageInitialization::ALL)
[5.537s]       |            [01;36m[K^~~~~[m[K
[5.537s] [01m[K/opt/ros/humble/include/std_msgs/std_msgs/msg/detail/int8__struct.hpp:45:45:[m[K [01;36m[Knote: [m[K  no known conversion for argument 1 from ‘[01m[Kint[m[K’ to ‘[01m[Kconst std::allocator<void>&[m[K’
[5.537s]    45 |   explicit Int8_([01;36m[Kconst ContainerAllocator & _alloc[m[K, rosidl_runtime_cpp::MessageInitialization _init = rosidl_runtime_cpp::MessageInitialization::ALL)
[5.538s]       |                  [01;36m[K~~~~~~~~~~~~~~~~~~~~~~~~~~~^~~~~~[m[K
[5.538s] [01m[K/opt/ros/humble/include/std_msgs/std_msgs/msg/detail/int8__struct.hpp:36:12:[m[K [01;36m[Knote: [m[Kcandidate: ‘[01m[Kstd_msgs::msg::Int8_<ContainerAllocator>::Int8_(rosidl_runtime_cpp::MessageInitialization) [with ContainerAllocator = std::allocator<void>][m[K’
[5.538s]    36 |   explicit [01;36m[KInt8_[m[K(rosidl_runtime_cpp::MessageInitialization _init = rosidl_runtime_cpp::MessageInitialization::ALL)
[5.539s]       |            [01;36m[K^~~~~[m[K
[5.539s] [01m[K/opt/ros/humble/include/std_msgs/std_msgs/msg/detail/int8__struct.hpp:36:60:[m[K [01;36m[Knote: [m[K  no known conversion for argument 1 from ‘[01m[Kint[m[K’ to ‘[01m[Krosidl_runtime_cpp::MessageInitialization[m[K’
[5.540s]    36 |   explicit Int8_([01;36m[Krosidl_runtime_cpp::MessageInitialization _init = rosidl_runtime_cpp::MessageInitialization::ALL[m[K)
[5.540s]       |                  [01;36m[K~~~~~~~~~~~~~~~~~~~~~~~~~~~~~~~~~~~~~~~~~~^~~~~~~~~~~~~~~~~~~~~~~~~~~~~~~~~~~~~~~~~~~~~~~~~~~~~~[m[K
[5.540s] [01m[K/opt/ros/humble/include/std_msgs/std_msgs/msg/detail/int8__struct.hpp:32:8:[m[K [01;36m[Knote: [m[Kcandidate: ‘[01m[Kconstexpr std_msgs::msg::Int8_<std::allocator<void> >::Int8_(const std_msgs::msg::Int8_<std::allocator<void> >&)[m[K’
[5.540s]    32 | struct [01;36m[KInt8_[m[K
[5.540s]       |        [01;36m[K^~~~~[m[K
[5.540s] [01m[K/opt/ros/humble/include/std_msgs/std_msgs/msg/detail/int8__struct.hpp:32:8:[m[K [01;36m[Knote: [m[K  no known conversion for argument 1 from ‘[01m[Kint[m[K’ to ‘[01m[Kconst std_msgs::msg::Int8_<std::allocator<void> >&[m[K’
[5.541s] [01m[K/opt/ros/humble/include/std_msgs/std_msgs/msg/detail/int8__struct.hpp:32:8:[m[K [01;36m[Knote: [m[Kcandidate: ‘[01m[Kconstexpr std_msgs::msg::Int8_<std::allocator<void> >::Int8_(std_msgs::msg::Int8_<std::allocator<void> >&&)[m[K’
[5.541s] [01m[K/opt/ros/humble/include/std_msgs/std_msgs/msg/detail/int8__struct.hpp:32:8:[m[K [01;36m[Knote: [m[K  no known conversion for argument 1 from ‘[01m[Kint[m[K’ to ‘[01m[Kstd_msgs::msg::Int8_<std::allocator<void> >&&[m[K’
[5.541s] [01m[K/home/vboxuser/ros2_ws/src/autoronto_app_task_ima/src/test_pub.cpp:46:80:[m[K [01;31m[Kerror: [m[Kno matching function for call to ‘[01m[Kstd_msgs::msg::Int8_<std::allocator<void> >::Int8_(int)[m[K’
[5.541s]    46 |  = {int8(1),int8(2),int8(3),int8(5),int8(8),int8(13),int8(21[01;31m[K)[m[K,int8(34),int8(55)};
[5.542s]       |                                                             [01;31m[K^[m[K
[5.542s] 
[5.542s] In file included from [01m[K/opt/ros/humble/include/std_msgs/std_msgs/msg/int8.hpp:7[m[K,
[5.542s]                  from [01m[K/home/vboxuser/ros2_ws/src/autoronto_app_task_ima/src/test_pub.cpp:13[m[K:
[5.542s] [01m[K/opt/ros/humble/include/std_msgs/std_msgs/msg/detail/int8__struct.hpp:45:12:[m[K [01;36m[Knote: [m[Kcandidate: ‘[01m[Kstd_msgs::msg::Int8_<ContainerAllocator>::Int8_(const ContainerAllocator&, rosidl_runtime_cpp::MessageInitialization) [with ContainerAllocator = std::allocator<void>][m[K’
[5.543s]    45 |   explicit [01;36m[KInt8_[m[K(const ContainerAllocator & _alloc, rosidl_runtime_cpp::MessageInitialization _init = rosidl_runtime_cpp::MessageInitialization::ALL)
[5.543s]       |            [01;36m[K^~~~~[m[K
[5.543s] [01m[K/opt/ros/humble/include/std_msgs/std_msgs/msg/detail/int8__struct.hpp:45:45:[m[K [01;36m[Knote: [m[K  no known conversion for argument 1 from ‘[01m[Kint[m[K’ to ‘[01m[Kconst std::allocator<void>&[m[K’
[5.543s]    45 |   explicit Int8_([01;36m[Kconst ContainerAllocator & _alloc[m[K, rosidl_runtime_cpp::MessageInitialization _init = rosidl_runtime_cpp::MessageInitialization::ALL)
[5.543s]       |                  [01;36m[K~~~~~~~~~~~~~~~~~~~~~~~~~~~^~~~~~[m[K
[5.544s] [01m[K/opt/ros/humble/include/std_msgs/std_msgs/msg/detail/int8__struct.hpp:36:12:[m[K [01;36m[Knote: [m[Kcandidate: ‘[01m[Kstd_msgs::msg::Int8_<ContainerAllocator>::Int8_(rosidl_runtime_cpp::MessageInitialization) [with ContainerAllocator = std::allocator<void>][m[K’
[5.544s]    36 |   explicit [01;36m[KInt8_[m[K(rosidl_runtime_cpp::MessageInitialization _init = rosidl_runtime_cpp::MessageInitialization::ALL)
[5.544s]       |            [01;36m[K^~~~~[m[K
[5.544s] [01m[K/opt/ros/humble/include/std_msgs/std_msgs/msg/detail/int8__struct.hpp:36:60:[m[K [01;36m[Knote: [m[K  no known conversion for argument 1 from ‘[01m[Kint[m[K’ to ‘[01m[Krosidl_runtime_cpp::MessageInitialization[m[K’
[5.544s]    36 |   explicit Int8_([01;36m[Krosidl_runtime_cpp::MessageInitialization _init = rosidl_runtime_cpp::MessageInitialization::ALL[m[K)
[5.544s]       |                  [01;36m[K~~~~~~~~~~~~~~~~~~~~~~~~~~~~~~~~~~~~~~~~~~^~~~~~~~~~~~~~~~~~~~~~~~~~~~~~~~~~~~~~~~~~~~~~~~~~~~~~[m[K
[5.544s] [01m[K/opt/ros/humble/include/std_msgs/std_msgs/msg/detail/int8__struct.hpp:32:8:[m[K [01;36m[Knote: [m[Kcandidate: ‘[01m[Kconstexpr std_msgs::msg::Int8_<std::allocator<void> >::Int8_(const std_msgs::msg::Int8_<std::allocator<void> >&)[m[K’
[5.545s]    32 | struct [01;36m[KInt8_[m[K
[5.562s]       |        [01;36m[K^~~~~[m[K
[5.562s] [01m[K/opt/ros/humble/include/std_msgs/std_msgs/msg/detail/int8__struct.hpp:32:8:[m[K [01;36m[Knote: [m[K  no known conversion for argument 1 from ‘[01m[Kint[m[K’ to ‘[01m[Kconst std_msgs::msg::Int8_<std::allocator<void> >&[m[K’
[5.563s] [01m[K/opt/ros/humble/include/std_msgs/std_msgs/msg/detail/int8__struct.hpp:32:8:[m[K [01;36m[Knote: [m[Kcandidate: ‘[01m[Kconstexpr std_msgs::msg::Int8_<std::allocator<void> >::Int8_(std_msgs::msg::Int8_<std::allocator<void> >&&)[m[K’
[5.564s] [01m[K/opt/ros/humble/include/std_msgs/std_msgs/msg/detail/int8__struct.hpp:32:8:[m[K [01;36m[Knote: [m[K  no known conversion for argument 1 from ‘[01m[Kint[m[K’ to ‘[01m[Kstd_msgs::msg::Int8_<std::allocator<void> >&&[m[K’
[5.564s] [01m[K/home/vboxuser/ros2_ws/src/autoronto_app_task_ima/src/test_pub.cpp:46:89:[m[K [01;31m[Kerror: [m[Kno matching function for call to ‘[01m[Kstd_msgs::msg::Int8_<std::allocator<void> >::Int8_(int)[m[K’
[5.564s]    46 | 1),int8(2),int8(3),int8(5),int8(8),int8(13),int8(21),int8(34[01;31m[K)[m[K,int8(55)};
[5.564s]       |                                                             [01;31m[K^[m[K
[5.564s] 
[5.565s] In file included from [01m[K/opt/ros/humble/include/std_msgs/std_msgs/msg/int8.hpp:7[m[K,
[5.565s]                  from [01m[K/home/vboxuser/ros2_ws/src/autoronto_app_task_ima/src/test_pub.cpp:13[m[K:
[5.565s] [01m[K/opt/ros/humble/include/std_msgs/std_msgs/msg/detail/int8__struct.hpp:45:12:[m[K [01;36m[Knote: [m[Kcandidate: ‘[01m[Kstd_msgs::msg::Int8_<ContainerAllocator>::Int8_(const ContainerAllocator&, rosidl_runtime_cpp::MessageInitialization) [with ContainerAllocator = std::allocator<void>][m[K’
[5.565s]    45 |   explicit [01;36m[KInt8_[m[K(const ContainerAllocator & _alloc, rosidl_runtime_cpp::MessageInitialization _init = rosidl_runtime_cpp::MessageInitialization::ALL)
[5.565s]       |            [01;36m[K^~~~~[m[K
[5.566s] [01m[K/opt/ros/humble/include/std_msgs/std_msgs/msg/detail/int8__struct.hpp:45:45:[m[K [01;36m[Knote: [m[K  no known conversion for argument 1 from ‘[01m[Kint[m[K’ to ‘[01m[Kconst std::allocator<void>&[m[K’
[5.566s]    45 |   explicit Int8_([01;36m[Kconst ContainerAllocator & _alloc[m[K, rosidl_runtime_cpp::MessageInitialization _init = rosidl_runtime_cpp::MessageInitialization::ALL)
[5.566s]       |                  [01;36m[K~~~~~~~~~~~~~~~~~~~~~~~~~~~^~~~~~[m[K
[5.566s] [01m[K/opt/ros/humble/include/std_msgs/std_msgs/msg/detail/int8__struct.hpp:36:12:[m[K [01;36m[Knote: [m[Kcandidate: ‘[01m[Kstd_msgs::msg::Int8_<ContainerAllocator>::Int8_(rosidl_runtime_cpp::MessageInitialization) [with ContainerAllocator = std::allocator<void>][m[K’
[5.566s]    36 |   explicit [01;36m[KInt8_[m[K(rosidl_runtime_cpp::MessageInitialization _init = rosidl_runtime_cpp::MessageInitialization::ALL)
[5.567s]       |            [01;36m[K^~~~~[m[K
[5.567s] [01m[K/opt/ros/humble/include/std_msgs/std_msgs/msg/detail/int8__struct.hpp:36:60:[m[K [01;36m[Knote: [m[K  no known conversion for argument 1 from ‘[01m[Kint[m[K’ to ‘[01m[Krosidl_runtime_cpp::MessageInitialization[m[K’
[5.567s]    36 |   explicit Int8_([01;36m[Krosidl_runtime_cpp::MessageInitialization _init = rosidl_runtime_cpp::MessageInitialization::ALL[m[K)
[5.567s]       |                  [01;36m[K~~~~~~~~~~~~~~~~~~~~~~~~~~~~~~~~~~~~~~~~~~^~~~~~~~~~~~~~~~~~~~~~~~~~~~~~~~~~~~~~~~~~~~~~~~~~~~~~[m[K
[5.568s] [01m[K/opt/ros/humble/include/std_msgs/std_msgs/msg/detail/int8__struct.hpp:32:8:[m[K [01;36m[Knote: [m[Kcandidate: ‘[01m[Kconstexpr std_msgs::msg::Int8_<std::allocator<void> >::Int8_(const std_msgs::msg::Int8_<std::allocator<void> >&)[m[K’
[5.568s]    32 | struct [01;36m[KInt8_[m[K
[5.568s]       |        [01;36m[K^~~~~[m[K
[5.568s] [01m[K/opt/ros/humble/include/std_msgs/std_msgs/msg/detail/int8__struct.hpp:32:8:[m[K [01;36m[Knote: [m[K  no known conversion for argument 1 from ‘[01m[Kint[m[K’ to ‘[01m[Kconst std_msgs::msg::Int8_<std::allocator<void> >&[m[K’
[5.568s] [01m[K/opt/ros/humble/include/std_msgs/std_msgs/msg/detail/int8__struct.hpp:32:8:[m[K [01;36m[Knote: [m[Kcandidate: ‘[01m[Kconstexpr std_msgs::msg::Int8_<std::allocator<void> >::Int8_(std_msgs::msg::Int8_<std::allocator<void> >&&)[m[K’
[5.568s] [01m[K/opt/ros/humble/include/std_msgs/std_msgs/msg/detail/int8__struct.hpp:32:8:[m[K [01;36m[Knote: [m[K  no known conversion for argument 1 from ‘[01m[Kint[m[K’ to ‘[01m[Kstd_msgs::msg::Int8_<std::allocator<void> >&&[m[K’
[5.569s] [01m[K/home/vboxuser/ros2_ws/src/autoronto_app_task_ima/src/test_pub.cpp:46:98:[m[K [01;31m[Kerror: [m[Kno matching function for call to ‘[01m[Kstd_msgs::msg::Int8_<std::allocator<void> >::Int8_(int)[m[K’
[5.569s]    46 | ),int8(2),int8(3),int8(5),int8(8),int8(13),int8(21),int8(34),int8(55[01;31m[K)[m[K};
[5.569s]       |                                                                     [01;31m[K^[m[K
[5.569s] 
[5.569s] In file included from [01m[K/opt/ros/humble/include/std_msgs/std_msgs/msg/int8.hpp:7[m[K,
[5.569s]                  from [01m[K/home/vboxuser/ros2_ws/src/autoronto_app_task_ima/src/test_pub.cpp:13[m[K:
[5.570s] [01m[K/opt/ros/humble/include/std_msgs/std_msgs/msg/detail/int8__struct.hpp:45:12:[m[K [01;36m[Knote: [m[Kcandidate: ‘[01m[Kstd_msgs::msg::Int8_<ContainerAllocator>::Int8_(const ContainerAllocator&, rosidl_runtime_cpp::MessageInitialization) [with ContainerAllocator = std::allocator<void>][m[K’
[5.570s]    45 |   explicit [01;36m[KInt8_[m[K(const ContainerAllocator & _alloc, rosidl_runtime_cpp::MessageInitialization _init = rosidl_runtime_cpp::MessageInitialization::ALL)
[5.571s]       |            [01;36m[K^~~~~[m[K
[5.571s] [01m[K/opt/ros/humble/include/std_msgs/std_msgs/msg/detail/int8__struct.hpp:45:45:[m[K [01;36m[Knote: [m[K  no known conversion for argument 1 from ‘[01m[Kint[m[K’ to ‘[01m[Kconst std::allocator<void>&[m[K’
[5.572s]    45 |   explicit Int8_([01;36m[Kconst ContainerAllocator & _alloc[m[K, rosidl_runtime_cpp::MessageInitialization _init = rosidl_runtime_cpp::MessageInitialization::ALL)
[5.572s]       |                  [01;36m[K~~~~~~~~~~~~~~~~~~~~~~~~~~~^~~~~~[m[K
[5.572s] [01m[K/opt/ros/humble/include/std_msgs/std_msgs/msg/detail/int8__struct.hpp:36:12:[m[K [01;36m[Knote: [m[Kcandidate: ‘[01m[Kstd_msgs::msg::Int8_<ContainerAllocator>::Int8_(rosidl_runtime_cpp::MessageInitialization) [with ContainerAllocator = std::allocator<void>][m[K’
[5.572s]    36 |   explicit [01;36m[KInt8_[m[K(rosidl_runtime_cpp::MessageInitialization _init = rosidl_runtime_cpp::MessageInitialization::ALL)
[5.572s]       |            [01;36m[K^~~~~[m[K
[5.573s] [01m[K/opt/ros/humble/include/std_msgs/std_msgs/msg/detail/int8__struct.hpp:36:60:[m[K [01;36m[Knote: [m[K  no known conversion for argument 1 from ‘[01m[Kint[m[K’ to ‘[01m[Krosidl_runtime_cpp::MessageInitialization[m[K’
[5.573s]    36 |   explicit Int8_([01;36m[Krosidl_runtime_cpp::MessageInitialization _init = rosidl_runtime_cpp::MessageInitialization::ALL[m[K)
[5.573s]       |                  [01;36m[K~~~~~~~~~~~~~~~~~~~~~~~~~~~~~~~~~~~~~~~~~~^~~~~~~~~~~~~~~~~~~~~~~~~~~~~~~~~~~~~~~~~~~~~~~~~~~~~~[m[K
[5.573s] [01m[K/opt/ros/humble/include/std_msgs/std_msgs/msg/detail/int8__struct.hpp:32:8:[m[K [01;36m[Knote: [m[Kcandidate: ‘[01m[Kconstexpr std_msgs::msg::Int8_<std::allocator<void> >::Int8_(const std_msgs::msg::Int8_<std::allocator<void> >&)[m[K’
[5.573s]    32 | struct [01;36m[KInt8_[m[K
[5.574s]       |        [01;36m[K^~~~~[m[K
[5.574s] [01m[K/opt/ros/humble/include/std_msgs/std_msgs/msg/detail/int8__struct.hpp:32:8:[m[K [01;36m[Knote: [m[K  no known conversion for argument 1 from ‘[01m[Kint[m[K’ to ‘[01m[Kconst std_msgs::msg::Int8_<std::allocator<void> >&[m[K’
[5.574s] [01m[K/opt/ros/humble/include/std_msgs/std_msgs/msg/detail/int8__struct.hpp:32:8:[m[K [01;36m[Knote: [m[Kcandidate: ‘[01m[Kconstexpr std_msgs::msg::Int8_<std::allocator<void> >::Int8_(std_msgs::msg::Int8_<std::allocator<void> >&&)[m[K’
[5.575s] [01m[K/opt/ros/humble/include/std_msgs/std_msgs/msg/detail/int8__struct.hpp:32:8:[m[K [01;36m[Knote: [m[K  no known conversion for argument 1 from ‘[01m[Kint[m[K’ to ‘[01m[Kstd_msgs::msg::Int8_<std::allocator<void> >&&[m[K’
[5.575s] [01m[K/home/vboxuser/ros2_ws/src/autoronto_app_task_ima/src/test_pub.cpp:47:39:[m[K [01;31m[Kerror: [m[Kinvalid conversion from ‘[01m[Kint8*[m[K’ {aka ‘[01m[Kstd_msgs::msg::Int8_<std::allocator<void> >*[m[K’} to ‘[01m[Ksize_t[m[K’ {aka ‘[01m[Klong unsigned int[m[K’} [[01;31m[K]8;;https://gcc.gnu.org/onlinedocs/gcc/Warning-Options.html#index-fpermissive-fpermissive]8;;[m[K]
[5.576s]    47 |     std::memcpy(&vec, payload, [01;31m[Kpayload+9[m[K);
[5.576s]       |                                [01;31m[K~~~~~~~^~[m[K
[5.576s]       |                                       [01;31m[K|[m[K
[5.577s]       |                                       [01;31m[Kint8* {aka std_msgs::msg::Int8_<std::allocator<void> >*}[m[K
[5.577s] In file included from [01m[K/opt/ros/humble/include/rcutils/rcutils/error_handling.h:34[m[K,
[5.578s]                  from [01m[K/opt/ros/humble/include/rcutils/rcutils/logging.h:25[m[K,
[5.578s]                  from [01m[K/opt/ros/humble/include/rmw/rmw/types.h:28[m[K,
[5.578s]                  from [01m[K/opt/ros/humble/include/rcl/rcl/types.h:20[m[K,
[5.579s]                  from [01m[K/opt/ros/humble/include/rcl/rcl/log_level.h:22[m[K,
[5.580s]                  from [01m[K/opt/ros/humble/include/rcl/rcl/arguments.h:21[m[K,
[5.581s]                  from [01m[K/opt/ros/humble/include/rcl/rcl/context.h:28[m[K,
[5.581s]                  from [01m[K/opt/ros/humble/include/rcl/rcl/guard_condition.h:26[m[K,
[5.581s]                  from [01m[K/opt/ros/humble/include/rclcpp/rclcpp/executor.hpp:30[m[K,
[5.582s]                  from [01m[K/opt/ros/humble/include/rclcpp/rclcpp/executors/multi_threaded_executor.hpp:25[m[K,
[5.582s]                  from [01m[K/opt/ros/humble/include/rclcpp/rclcpp/executors.hpp:21[m[K,
[5.582s]                  from [01m[K/opt/ros/humble/include/rclcpp/rclcpp/rclcpp.hpp:155[m[K,
[5.582s]                  from [01m[K/home/vboxuser/ros2_ws/src/autoronto_app_task_ima/src/test_pub.cpp:11[m[K:
[5.582s] [01m[K/usr/include/string.h:44:29:[m[K [01;36m[Knote: [m[K  initializing argument 3 of ‘[01m[Kvoid* memcpy(void*, const void*, size_t)[m[K’
[5.582s]    44 |                      [01;36m[Ksize_t __n[m[K) __THROW __nonnull ((1, 2));
[5.583s]       |                      [01;36m[K~~~~~~~^~~[m[K
[5.583s] [01m[K/home/vboxuser/ros2_ws/src/autoronto_app_task_ima/src/test_pub.cpp:47:16:[m[K [01;35m[Kwarning: [m[K‘[01m[Kvoid* memcpy(void*, const void*, size_t)[m[K’ writing to an object of type ‘[01m[Kclass std::vector<std_msgs::msg::Int8_<std::allocator<void> > >[m[K’ with no trivial copy-assignment; use copy-assignment or copy-initialization instead [[01;35m[K]8;;https://gcc.gnu.org/onlinedocs/gcc/Warning-Options.html#index-Wclass-memaccess-Wclass-memaccess]8;;[m[K]
[5.583s]    47 |     [01;35m[Kstd::memcpy(&vec, payload, payload+9)[m[K;
[5.583s]       |     [01;35m[K~~~~~~~~~~~^~~~~~~~~~~~~~~~~~~~~~~~~~[m[K
[5.583s] In file included from [01m[K/usr/include/c++/11/vector:67[m[K,
[5.584s]                  from [01m[K/usr/include/c++/11/functional:62[m[K,
[5.584s]                  from [01m[K/home/vboxuser/ros2_ws/src/autoronto_app_task_ima/src/test_pub.cpp:6[m[K:
[5.584s] [01m[K/usr/include/c++/11/bits/stl_vector.h:389:11:[m[K [01;36m[Knote: [m[K‘[01m[Kclass std::vector<std_msgs::msg::Int8_<std::allocator<void> > >[m[K’ declared here
[5.584s]   389 |     class [01;36m[Kvector[m[K : protected _Vector_base<_Tp, _Alloc>
[5.584s]       |           [01;36m[K^~~~~~[m[K
[5.584s] [01m[K/home/vboxuser/ros2_ws/src/autoronto_app_task_ima/src/test_pub.cpp:49:16:[m[K [01;31m[Kerror: [m[Kno match for ‘[01m[Koperator=[m[K’ (operand types are ‘[01m[Kstd_msgs::msg::Int8MultiArray_<std::allocator<void> >::_data_type[m[K’ {aka ‘[01m[Kstd::vector<signed char, std::allocator<signed char> >[m[K’} and ‘[01m[Kstd::vector<std_msgs::msg::Int8_<std::allocator<void> > >[m[K’)
[5.585s]    49 |     msg.data = [01;31m[Kvec[m[K;
[5.585s]       |                [01;31m[K^~~[m[K
[5.585s] In file included from [01m[K/usr/include/c++/11/vector:72[m[K,
[5.585s]                  from [01m[K/usr/include/c++/11/functional:62[m[K,
[5.585s]                  from [01m[K/home/vboxuser/ros2_ws/src/autoronto_app_task_ima/src/test_pub.cpp:6[m[K:
[5.586s] [01m[K/usr/include/c++/11/bits/vector.tcc:198:5:[m[K [01;36m[Knote: [m[Kcandidate: ‘[01m[Kstd::vector<_Tp, _Alloc>& std::vector<_Tp, _Alloc>::operator=(const std::vector<_Tp, _Alloc>&) [with _Tp = signed char; _Alloc = std::allocator<signed char>][m[K’
[5.586s]   198 |     [01;36m[Kvector<_Tp, _Alloc>[m[K::
[5.586s]       |     [01;36m[K^~~~~~~~~~~~~~~~~~~[m[K
[5.586s] [01m[K/usr/include/c++/11/bits/vector.tcc:199:42:[m[K [01;36m[Knote: [m[K  no known conversion for argument 1 from ‘[01m[Kstd::vector<std_msgs::msg::Int8_<std::allocator<void> > >[m[K’ to ‘[01m[Kconst std::vector<signed char, std::allocator<signed char> >&[m[K’
[5.586s]   199 |     operator=([01;36m[Kconst vector<_Tp, _Alloc>& __x[m[K)
[5.587s]       |               [01;36m[K~~~~~~~~~~~~~~~~~~~~~~~~~~~^~~[m[K
[5.587s] In file included from [01m[K/usr/include/c++/11/vector:67[m[K,
[5.588s]                  from [01m[K/usr/include/c++/11/functional:62[m[K,
[5.588s]                  from [01m[K/home/vboxuser/ros2_ws/src/autoronto_app_task_ima/src/test_pub.cpp:6[m[K:
[5.588s] [01m[K/usr/include/c++/11/bits/stl_vector.h:709:7:[m[K [01;36m[Knote: [m[Kcandidate: ‘[01m[Kstd::vector<_Tp, _Alloc>& std::vector<_Tp, _Alloc>::operator=(std::vector<_Tp, _Alloc>&&) [with _Tp = signed char; _Alloc = std::allocator<signed char>][m[K’
[5.588s]   709 |       [01;36m[Koperator[m[K=(vector&& __x) noexcept(_Alloc_traits::_S_nothrow_move())
[5.589s]       |       [01;36m[K^~~~~~~~[m[K
[5.589s] [01m[K/usr/include/c++/11/bits/stl_vector.h:709:26:[m[K [01;36m[Knote: [m[K  no known conversion for argument 1 from ‘[01m[Kstd::vector<std_msgs::msg::Int8_<std::allocator<void> > >[m[K’ to ‘[01m[Kstd::vector<signed char, std::allocator<signed char> >&&[m[K’
[5.589s]   709 |       operator=([01;36m[Kvector&& __x[m[K) noexcept(_Alloc_traits::_S_nothrow_move())
[5.589s]       |                 [01;36m[K~~~~~~~~~^~~[m[K
[5.589s] [01m[K/usr/include/c++/11/bits/stl_vector.h:730:7:[m[K [01;36m[Knote: [m[Kcandidate: ‘[01m[Kstd::vector<_Tp, _Alloc>& std::vector<_Tp, _Alloc>::operator=(std::initializer_list<_Tp>) [with _Tp = signed char; _Alloc = std::allocator<signed char>][m[K’
[5.589s]   730 |       [01;36m[Koperator[m[K=(initializer_list<value_type> __l)
[5.589s]       |       [01;36m[K^~~~~~~~[m[K
[5.589s] [01m[K/usr/include/c++/11/bits/stl_vector.h:730:46:[m[K [01;36m[Knote: [m[K  no known conversion for argument 1 from ‘[01m[Kstd::vector<std_msgs::msg::Int8_<std::allocator<void> > >[m[K’ to ‘[01m[Kstd::initializer_list<signed char>[m[K’
[5.590s]   730 |       operator=([01;36m[Kinitializer_list<value_type> __l[m[K)
[5.590s]       |                 [01;36m[K~~~~~~~~~~~~~~~~~~~~~~~~~~~~~^~~[m[K
[9.760s] gmake[2]: *** [CMakeFiles/talker.dir/build.make:76: CMakeFiles/talker.dir/src/test_pub.cpp.o] Error 1
[9.760s] gmake[1]: *** [CMakeFiles/Makefile2:141: CMakeFiles/talker.dir/all] Error 2
[9.760s] gmake: *** [Makefile:146: all] Error 2
[9.766s] Invoked command in '/home/vboxuser/ros2_ws/src/autoronto_app_task_ima/build/autoronto_app_task_ima' returned '2': CMAKE_PREFIX_PATH=${CMAKE_PREFIX_PATH}:/opt/ros/humble /usr/bin/cmake --build /home/vboxuser/ros2_ws/src/autoronto_app_task_ima/build/autoronto_app_task_ima -- -j2 -l2
