[0.025s] Invoking command in '/home/vboxuser/ros2_ws/src/autoronto_app_task_ima/build/autoronto_app_task_ima': CMAKE_PREFIX_PATH=${CMAKE_PREFIX_PATH}:/opt/ros/humble /usr/bin/cmake --build /home/vboxuser/ros2_ws/src/autoronto_app_task_ima/build/autoronto_app_task_ima -- -j2 -l2
[0.158s] [35m[1mConsolidate compiler generated dependencies of target talker[0m
[0.183s] [ 33%] Built target listener
[0.187s] [ 50%] [32mBuilding CXX object CMakeFiles/talker.dir/src/test_pub.cpp.o[0m
[0.318s] [ 83%] Built target solver
[11.456s] [01m[K/home/vboxuser/ros2_ws/src/autoronto_app_task_ima/src/test_pub.cpp:[m[K In member function ‘[01m[Kvoid InputPublisher::timer_callback()[m[K’:
[11.456s] [01m[K/home/vboxuser/ros2_ws/src/autoronto_app_task_ima/src/test_pub.cpp:48:49:[m[K [01;31m[Kerror: [m[Kexpected ‘[01m[K)[m[K’ before ‘[01m[K;[m[K’ token
[11.457s]    48 |                 vec.push_back(int8_t(payload[i])[01;31m[K;[m[K
[11.457s]       |                                                 [01;31m[K^[m[K
[11.457s] [01m[K/home/vboxuser/ros2_ws/src/autoronto_app_task_ima/src/test_pub.cpp:48:30:[m[K [01;36m[Knote: [m[Kto match this ‘[01m[K([m[K’
[11.457s]    48 |                 vec.push_back[01;36m[K([m[Kint8_t(payload[i]);
[11.457s]       |                              [01;36m[K^[m[K
[11.466s] [01m[K/home/vboxuser/ros2_ws/src/autoronto_app_task_ima/src/test_pub.cpp:51:16:[m[K [01;31m[Kerror: [m[Kno match for ‘[01m[Koperator=[m[K’ (operand types are ‘[01m[Kstd_msgs::msg::Int8MultiArray_<std::allocator<void> >::_data_type[m[K’ {aka ‘[01m[Kstd::vector<signed char, std::allocator<signed char> >[m[K’} and ‘[01m[Kstd::vector<std_msgs::msg::Int8_<std::allocator<void> > >[m[K’)
[11.466s]    51 |     msg.data = [01;31m[Kvec[m[K;
[11.466s]       |                [01;31m[K^~~[m[K
[11.466s] In file included from [01m[K/usr/include/c++/11/vector:72[m[K,
[11.466s]                  from [01m[K/usr/include/c++/11/functional:62[m[K,
[11.467s]                  from [01m[K/home/vboxuser/ros2_ws/src/autoronto_app_task_ima/src/test_pub.cpp:6[m[K:
[11.467s] [01m[K/usr/include/c++/11/bits/vector.tcc:198:5:[m[K [01;36m[Knote: [m[Kcandidate: ‘[01m[Kstd::vector<_Tp, _Alloc>& std::vector<_Tp, _Alloc>::operator=(const std::vector<_Tp, _Alloc>&) [with _Tp = signed char; _Alloc = std::allocator<signed char>][m[K’
[11.467s]   198 |     [01;36m[Kvector<_Tp, _Alloc>[m[K::
[11.467s]       |     [01;36m[K^~~~~~~~~~~~~~~~~~~[m[K
[11.467s] [01m[K/usr/include/c++/11/bits/vector.tcc:199:42:[m[K [01;36m[Knote: [m[K  no known conversion for argument 1 from ‘[01m[Kstd::vector<std_msgs::msg::Int8_<std::allocator<void> > >[m[K’ to ‘[01m[Kconst std::vector<signed char, std::allocator<signed char> >&[m[K’
[11.467s]   199 |     operator=([01;36m[Kconst vector<_Tp, _Alloc>& __x[m[K)
[11.467s]       |               [01;36m[K~~~~~~~~~~~~~~~~~~~~~~~~~~~^~~[m[K
[11.468s] In file included from [01m[K/usr/include/c++/11/vector:67[m[K,
[11.468s]                  from [01m[K/usr/include/c++/11/functional:62[m[K,
[11.468s]                  from [01m[K/home/vboxuser/ros2_ws/src/autoronto_app_task_ima/src/test_pub.cpp:6[m[K:
[11.468s] [01m[K/usr/include/c++/11/bits/stl_vector.h:709:7:[m[K [01;36m[Knote: [m[Kcandidate: ‘[01m[Kstd::vector<_Tp, _Alloc>& std::vector<_Tp, _Alloc>::operator=(std::vector<_Tp, _Alloc>&&) [with _Tp = signed char; _Alloc = std::allocator<signed char>][m[K’
[11.468s]   709 |       [01;36m[Koperator[m[K=(vector&& __x) noexcept(_Alloc_traits::_S_nothrow_move())
[11.468s]       |       [01;36m[K^~~~~~~~[m[K
[11.505s] [01m[K/usr/include/c++/11/bits/stl_vector.h:709:26:[m[K [01;36m[Knote: [m[K  no known conversion for argument 1 from ‘[01m[Kstd::vector<std_msgs::msg::Int8_<std::allocator<void> > >[m[K’ to ‘[01m[Kstd::vector<signed char, std::allocator<signed char> >&&[m[K’
[11.506s]   709 |       operator=([01;36m[Kvector&& __x[m[K) noexcept(_Alloc_traits::_S_nothrow_move())
[11.506s]       |                 [01;36m[K~~~~~~~~~^~~[m[K
[11.507s] [01m[K/usr/include/c++/11/bits/stl_vector.h:730:7:[m[K [01;36m[Knote: [m[Kcandidate: ‘[01m[Kstd::vector<_Tp, _Alloc>& std::vector<_Tp, _Alloc>::operator=(std::initializer_list<_Tp>) [with _Tp = signed char; _Alloc = std::allocator<signed char>][m[K’
[11.507s]   730 |       [01;36m[Koperator[m[K=(initializer_list<value_type> __l)
[11.507s]       |       [01;36m[K^~~~~~~~[m[K
[11.507s] [01m[K/usr/include/c++/11/bits/stl_vector.h:730:46:[m[K [01;36m[Knote: [m[K  no known conversion for argument 1 from ‘[01m[Kstd::vector<std_msgs::msg::Int8_<std::allocator<void> > >[m[K’ to ‘[01m[Kstd::initializer_list<signed char>[m[K’
[11.508s]   730 |       operator=([01;36m[Kinitializer_list<value_type> __l[m[K)
[11.508s]       |                 [01;36m[K~~~~~~~~~~~~~~~~~~~~~~~~~~~~~^~~[m[K
[15.808s] gmake[2]: *** [CMakeFiles/talker.dir/build.make:76: CMakeFiles/talker.dir/src/test_pub.cpp.o] Error 1
[15.809s] gmake[1]: *** [CMakeFiles/Makefile2:141: CMakeFiles/talker.dir/all] Error 2
[15.812s] gmake: *** [Makefile:146: all] Error 2
[15.819s] Invoked command in '/home/vboxuser/ros2_ws/src/autoronto_app_task_ima/build/autoronto_app_task_ima' returned '2': CMAKE_PREFIX_PATH=${CMAKE_PREFIX_PATH}:/opt/ros/humble /usr/bin/cmake --build /home/vboxuser/ros2_ws/src/autoronto_app_task_ima/build/autoronto_app_task_ima -- -j2 -l2
