[0.012s] Invoking command in '/home/vboxuser/ros2_ws/src/autoronto_app_task_ima/build/autoronto_app_task_ima': CMAKE_PREFIX_PATH=${CMAKE_PREFIX_PATH}:/opt/ros/humble /usr/bin/cmake --build /home/vboxuser/ros2_ws/src/autoronto_app_task_ima/build/autoronto_app_task_ima -- -j2 -l2
[0.200s] [ 33%] Built target talker
[0.286s] [ 66%] Built target listener
[0.288s] [35m[1mConsolidate compiler generated dependencies of target solver[0m
[0.326s] [ 83%] [32mBuilding CXX object CMakeFiles/solver.dir/src/solution.cpp.o[0m
[10.648s] [01m[K/home/vboxuser/ros2_ws/src/autoronto_app_task_ima/src/solution.cpp:[m[K In member function ‘[01m[Kvoid time_sync::SyncCallback(const ConstSharedPtr&, const ConstSharedPtr&)[m[K’:
[10.653s] [01m[K/home/vboxuser/ros2_ws/src/autoronto_app_task_ima/src/solution.cpp:103:48:[m[K [01;35m[Kwarning: [m[Kvalue computed is not used [[01;35m[K]8;;https://gcc.gnu.org/onlinedocs/gcc/Warning-Options.html#index-Wunused-value-Wunused-value]8;;[m[K]
[10.653s]   103 |                                 input->data[i] + input->data[j];
[50.638s] [100%] [32m[1mLinking CXX executable solver[0m
[53.180s] [100%] Built target solver
[53.309s] Invoked command in '/home/vboxuser/ros2_ws/src/autoronto_app_task_ima/build/autoronto_app_task_ima' returned '0': CMAKE_PREFIX_PATH=${CMAKE_PREFIX_PATH}:/opt/ros/humble /usr/bin/cmake --build /home/vboxuser/ros2_ws/src/autoronto_app_task_ima/build/autoronto_app_task_ima -- -j2 -l2
[53.679s] Invoking command in '/home/vboxuser/ros2_ws/src/autoronto_app_task_ima/build/autoronto_app_task_ima': CMAKE_PREFIX_PATH=${CMAKE_PREFIX_PATH}:/opt/ros/humble /usr/bin/cmake --install /home/vboxuser/ros2_ws/src/autoronto_app_task_ima/build/autoronto_app_task_ima
[53.779s] -- Install configuration: ""
[53.779s] -- Up-to-date: /home/vboxuser/ros2_ws/src/autoronto_app_task_ima/install/autoronto_app_task_ima/lib/autoronto_app_task_ima/talker
[53.780s] -- Up-to-date: /home/vboxuser/ros2_ws/src/autoronto_app_task_ima/install/autoronto_app_task_ima/lib/autoronto_app_task_ima/listener
[53.780s] -- Installing: /home/vboxuser/ros2_ws/src/autoronto_app_task_ima/install/autoronto_app_task_ima/lib/autoronto_app_task_ima/solver
[53.816s] -- Set runtime path of "/home/vboxuser/ros2_ws/src/autoronto_app_task_ima/install/autoronto_app_task_ima/lib/autoronto_app_task_ima/solver" to ""
[53.816s] -- Up-to-date: /home/vboxuser/ros2_ws/src/autoronto_app_task_ima/install/autoronto_app_task_ima/share/ament_index/resource_index/package_run_dependencies/autoronto_app_task_ima
[53.816s] -- Up-to-date: /home/vboxuser/ros2_ws/src/autoronto_app_task_ima/install/autoronto_app_task_ima/share/ament_index/resource_index/parent_prefix_path/autoronto_app_task_ima
[53.817s] -- Up-to-date: /home/vboxuser/ros2_ws/src/autoronto_app_task_ima/install/autoronto_app_task_ima/share/autoronto_app_task_ima/environment/ament_prefix_path.sh
[53.818s] -- Up-to-date: /home/vboxuser/ros2_ws/src/autoronto_app_task_ima/install/autoronto_app_task_ima/share/autoronto_app_task_ima/environment/ament_prefix_path.dsv
[53.818s] -- Up-to-date: /home/vboxuser/ros2_ws/src/autoronto_app_task_ima/install/autoronto_app_task_ima/share/autoronto_app_task_ima/environment/path.sh
[53.818s] -- Up-to-date: /home/vboxuser/ros2_ws/src/autoronto_app_task_ima/install/autoronto_app_task_ima/share/autoronto_app_task_ima/environment/path.dsv
[53.824s] -- Up-to-date: /home/vboxuser/ros2_ws/src/autoronto_app_task_ima/install/autoronto_app_task_ima/share/autoronto_app_task_ima/local_setup.bash
[53.827s] -- Up-to-date: /home/vboxuser/ros2_ws/src/autoronto_app_task_ima/install/autoronto_app_task_ima/share/autoronto_app_task_ima/local_setup.sh
[53.840s] -- Up-to-date: /home/vboxuser/ros2_ws/src/autoronto_app_task_ima/install/autoronto_app_task_ima/share/autoronto_app_task_ima/local_setup.zsh
[53.841s] -- Up-to-date: /home/vboxuser/ros2_ws/src/autoronto_app_task_ima/install/autoronto_app_task_ima/share/autoronto_app_task_ima/local_setup.dsv
[53.841s] -- Installing: /home/vboxuser/ros2_ws/src/autoronto_app_task_ima/install/autoronto_app_task_ima/share/autoronto_app_task_ima/package.dsv
[53.841s] -- Up-to-date: /home/vboxuser/ros2_ws/src/autoronto_app_task_ima/install/autoronto_app_task_ima/share/ament_index/resource_index/packages/autoronto_app_task_ima
[53.841s] -- Up-to-date: /home/vboxuser/ros2_ws/src/autoronto_app_task_ima/install/autoronto_app_task_ima/share/autoronto_app_task_ima/cmake/autoronto_app_task_imaConfig.cmake
[53.841s] -- Up-to-date: /home/vboxuser/ros2_ws/src/autoronto_app_task_ima/install/autoronto_app_task_ima/share/autoronto_app_task_ima/cmake/autoronto_app_task_imaConfig-version.cmake
[53.841s] -- Up-to-date: /home/vboxuser/ros2_ws/src/autoronto_app_task_ima/install/autoronto_app_task_ima/share/autoronto_app_task_ima/package.xml
[53.842s] Invoked command in '/home/vboxuser/ros2_ws/src/autoronto_app_task_ima/build/autoronto_app_task_ima' returned '0': CMAKE_PREFIX_PATH=${CMAKE_PREFIX_PATH}:/opt/ros/humble /usr/bin/cmake --install /home/vboxuser/ros2_ws/src/autoronto_app_task_ima/build/autoronto_app_task_ima
