[1.050s] DEBUG:colcon:Command line arguments: ['/usr/bin/colcon', 'build', '--packages-select', 'autoronto_app_task_ima']
[1.051s] DEBUG:colcon:Parsed command line arguments: Namespace(log_base=None, log_level=None, verb_name='build', build_base='build', install_base='install', merge_install=False, symlink_install=False, test_result_base=None, continue_on_error=False, executor='parallel', parallel_workers=2, event_handlers=None, ignore_user_meta=False, metas=['./colcon.meta'], base_paths=['.'], packages_ignore=None, packages_ignore_regex=None, paths=None, packages_up_to=None, packages_up_to_regex=None, packages_above=None, packages_above_and_dependencies=None, packages_above_depth=None, packages_select_by_dep=None, packages_skip_by_dep=None, packages_skip_up_to=None, packages_select_build_failed=False, packages_skip_build_finished=False, packages_select_test_failures=False, packages_skip_test_passed=False, packages_select=['autoronto_app_task_ima'], packages_skip=None, packages_select_regex=None, packages_skip_regex=None, packages_start=None, packages_end=None, allow_overriding=[], cmake_args=None, cmake_target=None, cmake_target_skip_unavailable=False, cmake_clean_cache=False, cmake_clean_first=False, cmake_force_configure=False, ament_cmake_args=None, catkin_cmake_args=None, catkin_skip_building_tests=False, mixin_files=None, mixin=None, verb_parser=<colcon_mixin.mixin.mixin_argument.MixinArgumentDecorator object at 0x7b5566e3dea0>, verb_extension=<colcon_core.verb.build.BuildVerb object at 0x7b5566e3d9f0>, main=<bound method BuildVerb.main of <colcon_core.verb.build.BuildVerb object at 0x7b5566e3d9f0>>, mixin_verb=('build',))
[2.349s] Level 1:colcon.colcon_core.package_discovery:discover_packages(colcon_meta) check parameters
[2.350s] Level 1:colcon.colcon_core.package_discovery:discover_packages(recursive) check parameters
[2.350s] Level 1:colcon.colcon_core.package_discovery:discover_packages(ignore) check parameters
[2.350s] Level 1:colcon.colcon_core.package_discovery:discover_packages(path) check parameters
[2.350s] Level 1:colcon.colcon_core.package_discovery:discover_packages(colcon_meta) discover
[2.350s] Level 1:colcon.colcon_core.package_discovery:discover_packages(recursive) discover
[2.350s] INFO:colcon.colcon_core.package_discovery:Crawling recursively for packages in '/home/vboxuser/ros2_ws/src/autoronto_app_task_ima'
[2.351s] Level 1:colcon.colcon_core.package_identification:_identify(.) by extensions ['ignore', 'ignore_ament_install']
[2.351s] Level 1:colcon.colcon_core.package_identification:_identify(.) by extension 'ignore'
[2.351s] Level 1:colcon.colcon_core.package_identification:_identify(.) by extension 'ignore_ament_install'
[2.351s] Level 1:colcon.colcon_core.package_identification:_identify(.) by extensions ['colcon_pkg']
[2.351s] Level 1:colcon.colcon_core.package_identification:_identify(.) by extension 'colcon_pkg'
[2.351s] Level 1:colcon.colcon_core.package_identification:_identify(.) by extensions ['colcon_meta']
[2.352s] Level 1:colcon.colcon_core.package_identification:_identify(.) by extension 'colcon_meta'
[2.352s] Level 1:colcon.colcon_core.package_identification:_identify(.) by extensions ['ros']
[2.352s] Level 1:colcon.colcon_core.package_identification:_identify(.) by extension 'ros'
[2.443s] DEBUG:colcon.colcon_core.package_identification:Package '.' with type 'ros.ament_cmake' and name 'autoronto_app_task_ima'
[2.443s] Level 1:colcon.colcon_core.package_discovery:discover_packages(recursive) using defaults
[2.443s] Level 1:colcon.colcon_core.package_discovery:discover_packages(ignore) discover
[2.444s] Level 1:colcon.colcon_core.package_discovery:discover_packages(ignore) using defaults
[2.444s] Level 1:colcon.colcon_core.package_discovery:discover_packages(path) discover
[2.444s] Level 1:colcon.colcon_core.package_discovery:discover_packages(path) using defaults
[2.739s] Level 1:colcon.colcon_core.package_discovery:discover_packages(prefix_path) check parameters
[2.739s] Level 1:colcon.colcon_core.package_discovery:discover_packages(prefix_path) discover
[2.747s] DEBUG:colcon.colcon_installed_package_information.package_discovery:Found 1 installed packages in /home/vboxuser/ros2_ws/src/autoronto_app_task_ima/install
[2.751s] DEBUG:colcon.colcon_installed_package_information.package_discovery:Found 293 installed packages in /opt/ros/humble
[2.799s] Level 1:colcon.colcon_core.package_discovery:discover_packages(prefix_path) using defaults
[3.189s] Level 5:colcon.colcon_core.verb:set package 'autoronto_app_task_ima' build argument 'cmake_args' from command line to 'None'
[3.189s] Level 5:colcon.colcon_core.verb:set package 'autoronto_app_task_ima' build argument 'cmake_target' from command line to 'None'
[3.189s] Level 5:colcon.colcon_core.verb:set package 'autoronto_app_task_ima' build argument 'cmake_target_skip_unavailable' from command line to 'False'
[3.189s] Level 5:colcon.colcon_core.verb:set package 'autoronto_app_task_ima' build argument 'cmake_clean_cache' from command line to 'False'
[3.190s] Level 5:colcon.colcon_core.verb:set package 'autoronto_app_task_ima' build argument 'cmake_clean_first' from command line to 'False'
[3.190s] Level 5:colcon.colcon_core.verb:set package 'autoronto_app_task_ima' build argument 'cmake_force_configure' from command line to 'False'
[3.190s] Level 5:colcon.colcon_core.verb:set package 'autoronto_app_task_ima' build argument 'ament_cmake_args' from command line to 'None'
[3.190s] Level 5:colcon.colcon_core.verb:set package 'autoronto_app_task_ima' build argument 'catkin_cmake_args' from command line to 'None'
[3.190s] Level 5:colcon.colcon_core.verb:set package 'autoronto_app_task_ima' build argument 'catkin_skip_building_tests' from command line to 'False'
[3.190s] DEBUG:colcon.colcon_core.verb:Building package 'autoronto_app_task_ima' with the following arguments: {'ament_cmake_args': None, 'build_base': '/home/vboxuser/ros2_ws/src/autoronto_app_task_ima/build/autoronto_app_task_ima', 'catkin_cmake_args': None, 'catkin_skip_building_tests': False, 'cmake_args': None, 'cmake_clean_cache': False, 'cmake_clean_first': False, 'cmake_force_configure': False, 'cmake_target': None, 'cmake_target_skip_unavailable': False, 'install_base': '/home/vboxuser/ros2_ws/src/autoronto_app_task_ima/install/autoronto_app_task_ima', 'merge_install': False, 'path': '/home/vboxuser/ros2_ws/src/autoronto_app_task_ima', 'symlink_install': False, 'test_result_base': None}
[3.190s] INFO:colcon.colcon_core.executor:Executing jobs using 'parallel' executor
[3.192s] DEBUG:colcon.colcon_parallel_executor.executor.parallel:run_until_complete
[3.193s] INFO:colcon.colcon_ros.task.ament_cmake.build:Building ROS package in '/home/vboxuser/ros2_ws/src/autoronto_app_task_ima' with build type 'ament_cmake'
[3.193s] INFO:colcon.colcon_cmake.task.cmake.build:Building CMake package in '/home/vboxuser/ros2_ws/src/autoronto_app_task_ima'
[3.217s] INFO:colcon.colcon_core.plugin_system:Skipping extension 'colcon_core.shell.bat': Not used on non-Windows systems
[3.217s] INFO:colcon.colcon_core.shell:Skip shell extension 'powershell' for command environment: Not usable outside of PowerShell
[3.217s] DEBUG:colcon.colcon_core.shell:Skip shell extension 'dsv' for command environment
[3.336s] DEBUG:colcon.colcon_core.event_handler.log_command:Invoking command in '/home/vboxuser/ros2_ws/src/autoronto_app_task_ima/build/autoronto_app_task_ima': CMAKE_PREFIX_PATH=${CMAKE_PREFIX_PATH}:/opt/ros/humble /usr/bin/cmake --build /home/vboxuser/ros2_ws/src/autoronto_app_task_ima/build/autoronto_app_task_ima -- -j2 -l2
[9.801s] DEBUG:colcon.colcon_core.event_handler.log_command:Invoked command in '/home/vboxuser/ros2_ws/src/autoronto_app_task_ima/build/autoronto_app_task_ima' returned '2': CMAKE_PREFIX_PATH=${CMAKE_PREFIX_PATH}:/opt/ros/humble /usr/bin/cmake --build /home/vboxuser/ros2_ws/src/autoronto_app_task_ima/build/autoronto_app_task_ima -- -j2 -l2
[9.871s] Level 1:colcon.colcon_core.environment:create_environment_scripts_only(autoronto_app_task_ima)
[9.874s] Level 1:colcon.colcon_core.environment:checking '/home/vboxuser/ros2_ws/src/autoronto_app_task_ima/install/autoronto_app_task_ima' for CMake module files
[9.875s] Level 1:colcon.colcon_core.environment:checking '/home/vboxuser/ros2_ws/src/autoronto_app_task_ima/install/autoronto_app_task_ima' for CMake config files
[9.875s] Level 1:colcon.colcon_core.shell:create_environment_hook('autoronto_app_task_ima', 'cmake_prefix_path')
[9.875s] INFO:colcon.colcon_core.shell:Creating environment hook '/home/vboxuser/ros2_ws/src/autoronto_app_task_ima/install/autoronto_app_task_ima/share/autoronto_app_task_ima/hook/cmake_prefix_path.ps1'
[9.877s] INFO:colcon.colcon_core.shell:Creating environment descriptor '/home/vboxuser/ros2_ws/src/autoronto_app_task_ima/install/autoronto_app_task_ima/share/autoronto_app_task_ima/hook/cmake_prefix_path.dsv'
[9.878s] INFO:colcon.colcon_core.shell:Creating environment hook '/home/vboxuser/ros2_ws/src/autoronto_app_task_ima/install/autoronto_app_task_ima/share/autoronto_app_task_ima/hook/cmake_prefix_path.sh'
[9.882s] Level 1:colcon.colcon_core.environment:checking '/home/vboxuser/ros2_ws/src/autoronto_app_task_ima/install/autoronto_app_task_ima/lib'
[9.883s] Level 1:colcon.colcon_core.environment:checking '/home/vboxuser/ros2_ws/src/autoronto_app_task_ima/install/autoronto_app_task_ima/bin'
[9.883s] Level 1:colcon.colcon_core.environment:checking '/home/vboxuser/ros2_ws/src/autoronto_app_task_ima/install/autoronto_app_task_ima/lib/pkgconfig/autoronto_app_task_ima.pc'
[9.883s] Level 1:colcon.colcon_core.environment:checking '/home/vboxuser/ros2_ws/src/autoronto_app_task_ima/install/autoronto_app_task_ima/lib/python3.10/site-packages'
[9.884s] Level 1:colcon.colcon_core.environment:checking '/home/vboxuser/ros2_ws/src/autoronto_app_task_ima/install/autoronto_app_task_ima/bin'
[9.884s] INFO:colcon.colcon_core.shell:Creating package script '/home/vboxuser/ros2_ws/src/autoronto_app_task_ima/install/autoronto_app_task_ima/share/autoronto_app_task_ima/package.ps1'
[9.886s] INFO:colcon.colcon_core.shell:Creating package descriptor '/home/vboxuser/ros2_ws/src/autoronto_app_task_ima/install/autoronto_app_task_ima/share/autoronto_app_task_ima/package.dsv'
[9.887s] INFO:colcon.colcon_core.shell:Creating package script '/home/vboxuser/ros2_ws/src/autoronto_app_task_ima/install/autoronto_app_task_ima/share/autoronto_app_task_ima/package.sh'
[9.889s] INFO:colcon.colcon_core.shell:Creating package script '/home/vboxuser/ros2_ws/src/autoronto_app_task_ima/install/autoronto_app_task_ima/share/autoronto_app_task_ima/package.bash'
[9.891s] INFO:colcon.colcon_core.shell:Creating package script '/home/vboxuser/ros2_ws/src/autoronto_app_task_ima/install/autoronto_app_task_ima/share/autoronto_app_task_ima/package.zsh'
[9.892s] Level 1:colcon.colcon_core.environment:create_file_with_runtime_dependencies(/home/vboxuser/ros2_ws/src/autoronto_app_task_ima/install/autoronto_app_task_ima/share/colcon-core/packages/autoronto_app_task_ima)
[9.903s] DEBUG:colcon.colcon_parallel_executor.executor.parallel:closing loop
[9.904s] DEBUG:colcon.colcon_parallel_executor.executor.parallel:loop closed
[9.904s] DEBUG:colcon.colcon_parallel_executor.executor.parallel:run_until_complete finished with '2'
[9.904s] DEBUG:colcon.colcon_core.event_reactor:joining thread
[9.917s] INFO:colcon.colcon_core.plugin_system:Skipping extension 'colcon_notification.desktop_notification.terminal_notifier': Not used on non-Darwin systems
[9.917s] INFO:colcon.colcon_core.plugin_system:Skipping extension 'colcon_notification.desktop_notification.win32': Not used on non-Windows systems
[9.917s] INFO:colcon.colcon_notification.desktop_notification:Sending desktop notification using 'notify2'
[9.957s] DEBUG:colcon.colcon_core.event_reactor:joined thread
[9.957s] INFO:colcon.colcon_core.shell:Creating prefix script '/home/vboxuser/ros2_ws/src/autoronto_app_task_ima/install/local_setup.ps1'
[9.960s] INFO:colcon.colcon_core.shell:Creating prefix util module '/home/vboxuser/ros2_ws/src/autoronto_app_task_ima/install/_local_setup_util_ps1.py'
[9.969s] INFO:colcon.colcon_core.shell:Creating prefix chain script '/home/vboxuser/ros2_ws/src/autoronto_app_task_ima/install/setup.ps1'
[9.971s] INFO:colcon.colcon_core.shell:Creating prefix script '/home/vboxuser/ros2_ws/src/autoronto_app_task_ima/install/local_setup.sh'
[9.972s] INFO:colcon.colcon_core.shell:Creating prefix util module '/home/vboxuser/ros2_ws/src/autoronto_app_task_ima/install/_local_setup_util_sh.py'
[9.973s] INFO:colcon.colcon_core.shell:Creating prefix chain script '/home/vboxuser/ros2_ws/src/autoronto_app_task_ima/install/setup.sh'
[9.979s] INFO:colcon.colcon_core.shell:Creating prefix script '/home/vboxuser/ros2_ws/src/autoronto_app_task_ima/install/local_setup.bash'
[9.980s] INFO:colcon.colcon_core.shell:Creating prefix chain script '/home/vboxuser/ros2_ws/src/autoronto_app_task_ima/install/setup.bash'
[9.982s] INFO:colcon.colcon_core.shell:Creating prefix script '/home/vboxuser/ros2_ws/src/autoronto_app_task_ima/install/local_setup.zsh'
[9.984s] INFO:colcon.colcon_core.shell:Creating prefix chain script '/home/vboxuser/ros2_ws/src/autoronto_app_task_ima/install/setup.zsh'
