[0.060s] Invoking command in '/home/vboxuser/ros2_ws/src/autoronto_app_task_ima/build/autoronto_app_task_ima': CMAKE_PREFIX_PATH=${CMAKE_PREFIX_PATH}:/opt/ros/humble /usr/bin/cmake --build /home/vboxuser/ros2_ws/src/autoronto_app_task_ima/build/autoronto_app_task_ima -- -j2 -l2
[0.145s] [35m[1mConsolidate compiler generated dependencies of target talker[0m
[0.196s] [ 16%] [32mBuilding CXX object CMakeFiles/talker.dir/src/test_pub.cpp.o[0m
[0.214s] [ 50%] Built target listener
[0.283s] [ 83%] Built target solver
[5.923s] [01m[K/home/vboxuser/ros2_ws/src/autoronto_app_task_ima/src/test_pub.cpp:[m[K In member function ‘[01m[Kvoid InputPublisher::timer_callback()[m[K’:
[5.924s] [01m[K/home/vboxuser/ros2_ws/src/autoronto_app_task_ima/src/test_pub.cpp:47:27:[m[K [01;31m[Kerror: [m[Krequest for member ‘[01m[Kbegin[m[K’ in ‘[01m[Kpayload[m[K’, which is of non-class type ‘[01m[Kint8_t [10][m[K’ {aka ‘[01m[Ksigned char [10][m[K’}
[5.924s]    47 |     std::shuffle (payload.[01;31m[Kbegin[m[K(), payload.end(), std::default_random_engine(seed)); // shuffle the order of payload
[5.924s]       |                           [01;31m[K^~~~~[m[K
[5.924s] [01m[K/home/vboxuser/ros2_ws/src/autoronto_app_task_ima/src/test_pub.cpp:47:44:[m[K [01;31m[Kerror: [m[Krequest for member ‘[01m[Kend[m[K’ in ‘[01m[Kpayload[m[K’, which is of non-class type ‘[01m[Kint8_t [10][m[K’ {aka ‘[01m[Ksigned char [10][m[K’}
[5.924s]    47 |     std::shuffle (payload.begin(), payload.[01;31m[Kend[m[K(), std::default_random_engine(seed)); // shuffle the order of payload
[5.924s]       |                                            [01;31m[K^~~[m[K
[5.928s] [01m[K/home/vboxuser/ros2_ws/src/autoronto_app_task_ima/src/test_pub.cpp:47:56:[m[K [01;31m[Kerror: [m[K‘[01m[Kdefault_random_engine[m[K’ is not a member of ‘[01m[Kstd[m[K’
[5.929s]    47 |   std::shuffle (payload.begin(), payload.end(), std::[01;31m[Kdefault_random_engine[m[K(seed)); // shuffle the order of payload
[5.929s]       |                                                      [01;31m[K^~~~~~~~~~~~~~~~~~~~~[m[K
[5.930s] 
[5.937s] [01m[K/home/vboxuser/ros2_ws/src/autoronto_app_task_ima/src/test_pub.cpp:50:24:[m[K [01;35m[Kwarning: [m[Kunused variable ‘[01m[Ktmp[m[K’ [[01;35m[K]8;;https://gcc.gnu.org/onlinedocs/gcc/Warning-Options.html#index-Wunused-variable-Wunused-variable]8;;[m[K]
[5.938s]    50 |                 int8_t [01;35m[Ktmp[m[K=payload[i];
[5.938s]       |                        [01;35m[K^~~[m[K
[5.971s] [01m[K/home/vboxuser/ros2_ws/src/autoronto_app_task_ima/src/test_pub.cpp:[m[K In member function ‘[01m[Kvoid TargetPublisher::timer_callback()[m[K’:
[5.972s] [01m[K/home/vboxuser/ros2_ws/src/autoronto_app_task_ima/src/test_pub.cpp:89:49:[m[K [01;31m[Kerror: [m[Knarrowing conversion of ‘[01m[K144[m[K’ from ‘[01m[Kint[m[K’ to ‘[01m[Kint8_t[m[K’ {aka ‘[01m[Ksigned char[m[K’} [[01;31m[K]8;;https://gcc.gnu.org/onlinedocs/gcc/Warning-Options.html#index-Wnarrowing-Wnarrowing]8;;[m[K]
[5.972s]    89 |         int8_t LUT[9] ={3,5,8,13,21,34,55,89,144[01;31m[K}[m[K; // for testing purpose create array of fibonacci numbers
[5.972s]       |                                                 [01;31m[K^[m[K
[9.911s] gmake[2]: *** [CMakeFiles/talker.dir/build.make:76: CMakeFiles/talker.dir/src/test_pub.cpp.o] Error 1
[9.912s] gmake[1]: *** [CMakeFiles/Makefile2:141: CMakeFiles/talker.dir/all] Error 2
[9.912s] gmake: *** [Makefile:146: all] Error 2
[9.917s] Invoked command in '/home/vboxuser/ros2_ws/src/autoronto_app_task_ima/build/autoronto_app_task_ima' returned '2': CMAKE_PREFIX_PATH=${CMAKE_PREFIX_PATH}:/opt/ros/humble /usr/bin/cmake --build /home/vboxuser/ros2_ws/src/autoronto_app_task_ima/build/autoronto_app_task_ima -- -j2 -l2
