[35m[1mConsolidate compiler generated dependencies of target listener[0m
[ 33%] Built target talker
[ 50%] [32mBuilding CXX object CMakeFiles/listener.dir/src/test_sub.cpp.o[0m
[35m[1mConsolidate compiler generated dependencies of target solver[0m
[ 83%] Built target solver
[100%] [32m[1mLinking CXX executable listener[0m
[100%] Built target listener
-- Install configuration: ""
-- Up-to-date: /home/vboxuser/ros2_ws/src/autoronto_app_task_ima/install/autoronto_app_task_ima/lib/autoronto_app_task_ima/talker
-- Installing: /home/vboxuser/ros2_ws/src/autoronto_app_task_ima/install/autoronto_app_task_ima/lib/autoronto_app_task_ima/listener
-- Set runtime path of "/home/vboxuser/ros2_ws/src/autoronto_app_task_ima/install/autoronto_app_task_ima/lib/autoronto_app_task_ima/listener" to ""
-- Installing: /home/vboxuser/ros2_ws/src/autoronto_app_task_ima/install/autoronto_app_task_ima/lib/autoronto_app_task_ima/solver
-- Set runtime path of "/home/vboxuser/ros2_ws/src/autoronto_app_task_ima/install/autoronto_app_task_ima/lib/autoronto_app_task_ima/solver" to ""
-- Up-to-date: /home/vboxuser/ros2_ws/src/autoronto_app_task_ima/install/autoronto_app_task_ima/share/ament_index/resource_index/package_run_dependencies/autoronto_app_task_ima
-- Up-to-date: /home/vboxuser/ros2_ws/src/autoronto_app_task_ima/install/autoronto_app_task_ima/share/ament_index/resource_index/parent_prefix_path/autoronto_app_task_ima
-- Up-to-date: /home/vboxuser/ros2_ws/src/autoronto_app_task_ima/install/autoronto_app_task_ima/share/autoronto_app_task_ima/environment/ament_prefix_path.sh
-- Up-to-date: /home/vboxuser/ros2_ws/src/autoronto_app_task_ima/install/autoronto_app_task_ima/share/autoronto_app_task_ima/environment/ament_prefix_path.dsv
-- Up-to-date: /home/vboxuser/ros2_ws/src/autoronto_app_task_ima/install/autoronto_app_task_ima/share/autoronto_app_task_ima/environment/path.sh
-- Up-to-date: /home/vboxuser/ros2_ws/src/autoronto_app_task_ima/install/autoronto_app_task_ima/share/autoronto_app_task_ima/environment/path.dsv
-- Up-to-date: /home/vboxuser/ros2_ws/src/autoronto_app_task_ima/install/autoronto_app_task_ima/share/autoronto_app_task_ima/local_setup.bash
-- Up-to-date: /home/vboxuser/ros2_ws/src/autoronto_app_task_ima/install/autoronto_app_task_ima/share/autoronto_app_task_ima/local_setup.sh
-- Up-to-date: /home/vboxuser/ros2_ws/src/autoronto_app_task_ima/install/autoronto_app_task_ima/share/autoronto_app_task_ima/local_setup.zsh
-- Up-to-date: /home/vboxuser/ros2_ws/src/autoronto_app_task_ima/install/autoronto_app_task_ima/share/autoronto_app_task_ima/local_setup.dsv
-- Installing: /home/vboxuser/ros2_ws/src/autoronto_app_task_ima/install/autoronto_app_task_ima/share/autoronto_app_task_ima/package.dsv
-- Up-to-date: /home/vboxuser/ros2_ws/src/autoronto_app_task_ima/install/autoronto_app_task_ima/share/ament_index/resource_index/packages/autoronto_app_task_ima
-- Up-to-date: /home/vboxuser/ros2_ws/src/autoronto_app_task_ima/install/autoronto_app_task_ima/share/autoronto_app_task_ima/cmake/autoronto_app_task_imaConfig.cmake
-- Up-to-date: /home/vboxuser/ros2_ws/src/autoronto_app_task_ima/install/autoronto_app_task_ima/share/autoronto_app_task_ima/cmake/autoronto_app_task_imaConfig-version.cmake
-- Up-to-date: /home/vboxuser/ros2_ws/src/autoronto_app_task_ima/install/autoronto_app_task_ima/share/autoronto_app_task_ima/package.xml
